
==============================================================================
conform: require("conform.health").check()

conform.nvim report ~
- Log file: /home/yechiel/.local/state/nvim/conform.log
- OK stylua ready (lua)

==============================================================================
dap: require("dap.health").check()

dap: Adapters ~

dap.adapter: go ~
- Adapter is a function. Can't validate it

dap: Sessions ~
- OK No active sessions

==============================================================================
kickstart: require("kickstart.health").check()

kickstart.nvim ~
- NOTE: Not every warning is a 'must-fix' in `:checkhealth`
  
    Fix only warnings for plugins and languages you intend to use.
      Mason will give warnings for languages that are not installed.
      You do not need to install, unless you want to use those languages!
- System Information: {
    machine = "x86_64",
    release = "6.13.0-rc6",
    sysname = "Linux",
    version = "#1-NixOS SMP PREEMPT_DYNAMIC Tue Jan  1 00:00:00 UTC 1980"
  }
- OK Neovim version is: '0.10.4'
- OK Found executable: 'git'
- WARNING Could not find executable: 'make'
- OK Found executable: 'unzip'
- OK Found executable: 'rg'

==============================================================================
lazy: require("lazy.health").check()

lazy.nvim ~
- {lazy.nvim} version `11.16.2`
- OK {git} `version 2.47.0`
- OK no existing packages found by other package managers
- OK packer_compiled.lua not found

luarocks ~
- checking `hererocks` installation
- OK no plugins require `luarocks`, so you can ignore any warnings below
- OK {python3} `Python 3.11.11`
- ERROR {/home/yechiel/.local/share/nvim/lazy-rocks/hererocks/bin/luarocks} not installed
- WARNING {/home/yechiel/.local/share/nvim/lazy-rocks/hererocks/bin/lua} version `5.1` not installed
- WARNING Lazy won't be able to install plugins that require `luarocks`.
  Here's what you can do:
   - fix your `luarocks` installation
   - disable *hererocks* with `opts.rocks.hererocks = false`
   - disable `luarocks` support completely with `opts.rocks.enabled = false`

==============================================================================
lspconfig: require("lspconfig.health").check()

LSP configs active in this session (globally) ~
- Configured servers: nixd, lua_ls
- OK Deprecated servers: (none)

LSP configs active in this buffer (bufnr: 1) ~
- Language client log: ~/.local/state/nvim/lsp.log
- Detected filetype: ``
- 0 client(s) attached to this buffer

Docs for active configs: ~

==============================================================================
nvim: require("nvim.health").check()

Configuration ~
- OK no issues found

Runtime ~
- OK $VIMRUNTIME: /nix/store/1xnhh71gp9fg1jggp49av18gf98kqvaq-neovim-unwrapped-0.10.4/share/nvim/runtime

Performance ~
- OK Build type: Release

Remote Plugins ~
- OK Up to date

terminal ~
- key_backspace (kbs) terminfo entry: `key_backspace=\177`
- key_dc (kdch1) terminfo entry: `key_dc=\E[3~`
- $TERM_PROGRAM="ghostty"
- $COLORTERM="truecolor"

External Tools ~
- OK ripgrep 14.1.1 (/nix/store/d7i7ccjxmlzh73l2s458s3c9kwdj2s3b-ripgrep-14.1.1/bin/rg)

==============================================================================
nvim-treesitter: require("nvim-treesitter.health").check()

Installation ~
- WARNING `tree-sitter` executable not found (parser generator, only needed for :TSInstallFromGrammar, not required for :TSInstall)
- OK `node` found v22.11.0 (only needed for :TSInstallFromGrammar)
- OK `git` executable found.
- OK `cc` executable found. Selected from { vim.NIL, "cc", "gcc", "clang", "cl", "zig" }
  Version: gcc (GCC) 14.2.1 20241116
- OK Neovim was compiled with tree-sitter runtime ABI version 14 (required >=13). Parsers must be compatible with runtime ABI.

OS Info:
{
  machine = "x86_64",
  release = "6.13.0-rc6",
  sysname = "Linux",
  version = "#1-NixOS SMP PREEMPT_DYNAMIC Tue Jan  1 00:00:00 UTC 1980"
} ~

Parser/Features         H L F I J
  - ada                 ✓ ✓ ✓ . ✓
  - agda                ✓ . ✓ . ✓
  - angular             ✓ ✓ ✓ ✓ ✓
  - apex                ✓ ✓ ✓ . ✓
  - arduino             ✓ ✓ ✓ ✓ ✓
  - asm                 ✓ . . . ✓
  - astro               ✓ ✓ ✓ ✓ ✓
  - authzed             ✓ . . . ✓
  - awk                 ✓ . . . ✓
  - bash                ✓ ✓ ✓ . ✓
  - bass                ✓ ✓ ✓ ✓ ✓
  - beancount           ✓ . ✓ . ✓
  - bibtex              ✓ . ✓ ✓ ✓
  - bicep               ✓ ✓ ✓ ✓ ✓
  - bitbake             ✓ ✓ ✓ ✓ ✓
  - blueprint           ✓ . . . ✓
  - bp                  ✓ ✓ ✓ ✓ ✓
  - c                   ✓ ✓ ✓ ✓ ✓
  - c_sharp             ✓ ✓ ✓ . ✓
  - cairo               ✓ ✓ ✓ ✓ ✓
  - capnp               ✓ ✓ ✓ ✓ ✓
  - chatito             ✓ ✓ ✓ ✓ ✓
  - circom              ✓ ✓ ✓ . ✓
  - clojure             ✓ ✓ ✓ . ✓
  - cmake               ✓ . ✓ ✓ ✓
  - comment             ✓ . . . .
  - commonlisp          ✓ ✓ ✓ . ✓
  - cooklang            ✓ . . . ✓
  - corn                ✓ ✓ ✓ ✓ ✓
  - cpon                ✓ ✓ ✓ ✓ ✓
  - cpp                 ✓ ✓ ✓ ✓ ✓
  - css                 ✓ . ✓ ✓ ✓
  - csv                 ✓ . . . .
  - cuda                ✓ ✓ ✓ ✓ ✓
  - cue                 ✓ ✓ ✓ ✓ ✓
  - cylc                ✓ . ✓ ✓ ✓
  - d                   ✓ ✓ ✓ ✓ ✓
  - dart                ✓ ✓ ✓ ✓ ✓
  - desktop             ✓ . ✓ . ✓
  - devicetree          ✓ ✓ ✓ ✓ ✓
  - dhall               ✓ . ✓ . ✓
  - diff                ✓ . ✓ . ✓
  - disassembly         ✓ . . . ✓
  - djot                ✓ ✓ ✓ ✓ ✓
  - dockerfile          ✓ . . . ✓
  - dot                 ✓ . . ✓ ✓
  - doxygen             ✓ . . ✓ ✓
  - dtd                 ✓ ✓ ✓ . ✓
  - earthfile           ✓ . . . ✓
  - ebnf                ✓ . . . ✓
  - editorconfig        ✓ . ✓ . ✓
  - eds                 ✓ . ✓ . .
  - eex                 ✓ . . . ✓
  - elixir              ✓ ✓ ✓ ✓ ✓
  - elm                 ✓ . ✓ . ✓
  - elsa                ✓ ✓ ✓ ✓ ✓
  - elvish              ✓ . . . ✓
  - embedded_template   ✓ . . . ✓
  - erlang              ✓ . ✓ . ✓
  - facility            ✓ . ✓ ✓ ✓
  - faust               ✓ . . . ✓
  - fennel              ✓ ✓ ✓ . ✓
  - fidl                ✓ . ✓ . ✓
  - firrtl              ✓ ✓ ✓ ✓ ✓
  - fish                ✓ ✓ ✓ ✓ ✓
  - foam                ✓ ✓ ✓ ✓ ✓
  - forth               ✓ ✓ ✓ ✓ ✓
  - fortran             ✓ . ✓ ✓ ✓
  - fsh                 ✓ . . . ✓
  - fsharp              ✓ . . . ✓
  - func                ✓ . . . ✓
  - fusion              ✓ ✓ ✓ ✓ ✓
  - gap                 ✓ ✓ ✓ . ✓
  - gaptst              ✓ . ✓ . ✓
  - gdscript            ✓ ✓ ✓ ✓ ✓
  - gdshader            ✓ . . . ✓
  - git_config          ✓ . ✓ . ✓
  - git_rebase          ✓ . . . ✓
  - gitattributes       ✓ ✓ . . ✓
  - gitcommit           ✓ . . . ✓
  - gitignore           ✓ . . . ✓
  - gleam               ✓ ✓ ✓ ✓ ✓
  - glimmer             ✓ ✓ ✓ ✓ ✓
  - glimmer_javascript  ✓ ✓ . ✓ ✓
  - glimmer_typescript  ✓ . . ✓ ✓
  - glsl                ✓ ✓ ✓ ✓ ✓
  - gn                  ✓ ✓ ✓ ✓ ✓
  - gnuplot             ✓ . . . ✓
  - go                  ✓ ✓ ✓ ✓ ✓
  - goctl               ✓ . ✓ ✓ ✓
  - godot_resource      ✓ ✓ ✓ . ✓
  - gomod               ✓ . . . ✓
  - gosum               ✓ . . . .
  - gotmpl              ✓ ✓ ✓ . ✓
  - gowork              ✓ . . . ✓
  - gpg                 ✓ . . . ✓
  - graphql             ✓ . . ✓ ✓
  - gren                ✓ . . . ✓
  - groovy              ✓ ✓ ✓ ✓ ✓
  - gstlaunch           ✓ . . . .
  - hack                ✓ . . . ✓
  - hare                ✓ ✓ ✓ ✓ ✓
  - haskell             ✓ ✓ ✓ . ✓
  - haskell_persistent  ✓ . ✓ . .
  - hcl                 ✓ . ✓ ✓ ✓
  - heex                ✓ ✓ ✓ ✓ ✓
  - helm                ✓ ✓ ✓ . ✓
  - hjson               ✓ ✓ ✓ ✓ ✓
  - hlsl                ✓ ✓ ✓ ✓ ✓
  - hlsplaylist         ✓ . . . ✓
  - hocon               ✓ . ✓ . ✓
  - hoon                ✓ ✓ ✓ . ✓
  - html                ✓ ✓ ✓ ✓ ✓
  - htmldjango          ✓ . ✓ ✓ ✓
  - http                ✓ . ✓ . ✓
  - hurl                ✓ . ✓ ✓ ✓
  - hyprlang            ✓ . ✓ ✓ ✓
  - idl                 ✓ . . ✓ ✓
  - idris               ✓ ✓ ✓ . ✓
  - ini                 ✓ . ✓ . ✓
  - inko                ✓ ✓ ✓ ✓ ✓
  - ipkg                ✓ ✓ ✓ ✓ ✓
  - ispc                ✓ ✓ ✓ ✓ ✓
  - janet_simple        ✓ ✓ ✓ . ✓
  - java                ✓ ✓ ✓ ✓ ✓
  - javascript          ✓ ✓ ✓ ✓ ✓
  - jq                  ✓ ✓ . . ✓
  - jsdoc               ✓ . . . .
  - json                ✓ ✓ ✓ ✓ .
  - json5               ✓ . . . ✓
  - jsonc               ✓ ✓ ✓ ✓ ✓
  - jsonnet             ✓ ✓ ✓ . ✓
  - julia               ✓ ✓ ✓ ✓ ✓
  - just                ✓ ✓ ✓ ✓ ✓
  - kconfig             ✓ ✓ ✓ ✓ ✓
  - kdl                 ✓ ✓ ✓ ✓ ✓
  - kotlin              ✓ ✓ ✓ . ✓
  - koto                ✓ ✓ ✓ . ✓
  - kusto               ✓ . . . ✓
  - lalrpop             ✓ ✓ ✓ . ✓
  - ledger              ✓ . ✓ ✓ ✓
  - leo                 ✓ . . ✓ ✓
  - linkerscript        ✓ ✓ ✓ ✓ ✓
  - liquid              ✓ . . . ✓
  - liquidsoap          ✓ ✓ ✓ ✓ ✓
  - llvm                ✓ . . . ✓
  - lua                 ✓ ✓ ✓ ✓ ✓
  - luadoc              ✓ . . . .
  - luap                ✓ . . . .
  - luau                ✓ ✓ ✓ ✓ ✓
  - m68k                ✓ ✓ ✓ . ✓
  - make                ✓ . ✓ . ✓
  - markdown            ✓ . ✓ ✓ ✓
  - markdown_inline     ✓ . . . ✓
  - matlab              ✓ ✓ ✓ ✓ ✓
  - menhir              ✓ . . . ✓
  - mermaid             ✓ . ✓ ✓ ✓
  - meson               ✓ . ✓ ✓ ✓
  - muttrc              ✓ . . . ✓
  - nasm                ✓ . . . ✓
  - nginx               ✓ . ✓ . ✓
  - nickel              ✓ . . ✓ ✓
  - nim                 ✓ ✓ ✓ . ✓
  - nim_format_string   ✓ . . . ✓
  - ninja               ✓ . ✓ ✓ ✓
  - nix                 ✓ ✓ ✓ ✓ ✓
  - norg                . . . . .
  - nqc                 ✓ ✓ ✓ ✓ ✓
  - nu                  ✓ . . ✓ ✓
  - objc                ✓ ✓ ✓ ✓ ✓
  - objdump             ✓ . . . ✓
  - ocaml               ✓ ✓ ✓ ✓ ✓
  - ocaml_interface     ✓ ✓ ✓ ✓ ✓
  - odin                ✓ ✓ ✓ ✓ ✓
  - org                 . . . . .
  - pascal              ✓ ✓ ✓ ✓ ✓
  - passwd              ✓ . . . .
  - pem                 ✓ . ✓ . ✓
  - perl                ✓ . ✓ . ✓
  - php                 ✓ ✓ ✓ ✓ ✓
  - php_only            ✓ ✓ ✓ ✓ ✓
  - phpdoc              ✓ . . . .
  - pioasm              ✓ . . . ✓
  - po                  ✓ . ✓ . ✓
  - pod                 ✓ . . . .
  - poe_filter          ✓ . ✓ ✓ ✓
  - pony                ✓ ✓ ✓ ✓ ✓
  - powershell          ✓ ✓ ✓ ✓ ✓
  - printf              ✓ . . . .
  - prisma              ✓ . ✓ . ✓
  - problog             ✓ . ✓ ✓ ✓
  - prolog              ✓ . ✓ ✓ ✓
  - promql              ✓ . . . ✓
  - properties          ✓ ✓ . . ✓
  - proto               ✓ . ✓ ✓ ✓
  - prql                ✓ . . . ✓
  - psv                 ✓ . . . .
  - pug                 ✓ . . . ✓
  - puppet              ✓ ✓ ✓ ✓ ✓
  - purescript          ✓ ✓ . . ✓
  - pymanifest          ✓ . . . ✓
  - python              ✓ ✓ ✓ ✓ ✓
  - ql                  ✓ ✓ ✓ ✓ ✓
  - qmldir              ✓ . . . ✓
  - qmljs               ✓ . ✓ . ✓
  - query               ✓ ✓ ✓ ✓ ✓
  - r                   ✓ ✓ . ✓ ✓
  - racket              ✓ . ✓ . ✓
  - ralph               ✓ . . . ✓
  - rasi                ✓ ✓ ✓ ✓ ✓
  - rbs                 ✓ . ✓ ✓ ✓
  - re2c                ✓ ✓ ✓ ✓ ✓
  - readline            ✓ . ✓ ✓ ✓
  - regex               ✓ . . . .
  - rego                ✓ . . . ✓
  - requirements        ✓ . . . ✓
  - rescript            ✓ ✓ ✓ ✓ ✓
  - rnoweb              ✓ . ✓ . ✓
  - robot               ✓ . ✓ ✓ ✓
  - robots              ✓ . . . ✓
  - roc                 ✓ ✓ . . ✓
  - ron                 ✓ ✓ ✓ ✓ ✓
  - rst                 ✓ ✓ . . ✓
  - ruby                ✓ ✓ ✓ ✓ ✓
  - runescript          ✓ . . . ✓
  - rust                ✓ ✓ ✓ ✓ ✓
  - scala               ✓ ✓ ✓ . ✓
  - scheme              ✓ . ✓ . ✓
  - scss                ✓ . ✓ ✓ ✓
  - sflog               ✓ . . . .
  - slang               ✓ ✓ ✓ ✓ ✓
  - slim                ✓ ✓ ✓ ✓ ✓
  - slint               ✓ ✓ ✓ ✓ ✓
  - smali               ✓ ✓ ✓ ✓ ✓
  - smithy              ✓ . . . ✓
  - snakemake           ✓ ✓ ✓ ✓ ✓
  - solidity            ✓ . ✓ . ✓
  - soql                ✓ . . . .
  - sosl                ✓ . . . .
  - sourcepawn          ✓ ✓ . . ✓
  - sparql              ✓ ✓ ✓ ✓ ✓
  - sql                 ✓ . . ✓ ✓
  - squirrel            ✓ ✓ ✓ ✓ ✓
  - ssh_config          ✓ ✓ ✓ ✓ ✓
  - starlark            ✓ ✓ ✓ ✓ ✓
  - strace              ✓ . . . ✓
  - styled              ✓ . ✓ ✓ ✓
  - supercollider       ✓ ✓ ✓ ✓ ✓
  - superhtml           ✓ . . . ✓
  - surface             ✓ . ✓ ✓ ✓
  - svelte              ✓ ✓ ✓ ✓ ✓
  - sway                ✓ ✓ ✓ ✓ ✓
  - sxhkdrc             ✓ . ✓ . ✓
  - systemtap           ✓ ✓ ✓ . ✓
  - t32                 ✓ ✓ ✓ ✓ ✓
  - tablegen            ✓ ✓ ✓ ✓ ✓
  - tact                ✓ ✓ ✓ ✓ ✓
  - tcl                 ✓ . ✓ ✓ ✓
  - templ               ✓ . ✓ . ✓
  - terraform           ✓ . ✓ ✓ ✓
  - textproto           ✓ . ✓ ✓ ✓
  - thrift              ✓ ✓ ✓ ✓ ✓
  - tiger               ✓ ✓ ✓ ✓ ✓
  - tlaplus             ✓ ✓ ✓ . ✓
  - tmux                ✓ . . . ✓
  - todotxt             ✓ . . . .
  - toml                ✓ ✓ ✓ ✓ ✓
  - tsv                 ✓ . . . .
  - tsx                 ✓ ✓ ✓ ✓ ✓
  - turtle              ✓ ✓ ✓ ✓ ✓
  - twig                ✓ . . . ✓
  - typescript          ✓ ✓ ✓ ✓ ✓
  - typespec            ✓ . . ✓ ✓
  - typoscript          ✓ . ✓ ✓ ✓
  - typst               ✓ . ✓ ✓ ✓
  - udev                ✓ ✓ . . ✓
  - ungrammar           ✓ ✓ ✓ ✓ ✓
  - usd                 ✓ ✓ ✓ ✓ ✓
  - uxntal              ✓ ✓ ✓ ✓ ✓
  - v                   ✓ ✓ ✓ ✓ ✓
  - vala                ✓ . ✓ . ✓
  - vento               ✓ . . . ✓
  - verilog             ✓ . ✓ . ✓
  - vhdl                ✓ . ✓ . ✓
  - vhs                 ✓ . . . ✓
  - vim                 ✓ ✓ ✓ . ✓
  - vimdoc              ✓ . . . ✓
  - vrl                 ✓ ✓ ✓ ✓ ✓
  - vue                 ✓ . ✓ ✓ ✓
  - wgsl                ✓ . ✓ ✓ ✓
  - wgsl_bevy           ✓ . ✓ ✓ .
  - wing                ✓ ✓ ✓ . ✓
  - wit                 ✓ . ✓ . ✓
  - xcompose            ✓ ✓ . . ✓
  - xml                 ✓ ✓ ✓ ✓ ✓
  - xresources          ✓ ✓ ✓ . ✓
  - yaml                ✓ ✓ ✓ ✓ ✓
  - yang                ✓ . ✓ ✓ ✓
  - yuck                ✓ ✓ ✓ ✓ ✓
  - zathurarc           ✓ . . . ✓
  - zig                 ✓ ✓ ✓ ✓ ✓
  - ziggy               ✓ . . ✓ .
  - ziggy_schema        ✓ . . ✓ .

  Legend: H[ighlight], L[ocals], F[olds], I[ndents], In[j]ections
         +) multiple parsers found, only one will be used
         x) errors found in the query, try to run :TSUpdate {lang} ~

==============================================================================
provider.clipboard: require("provider.clipboard.health").check()

Clipboard (optional) ~
- OK Clipboard tool found: wl-copy

==============================================================================
provider.node: require("provider.node.health").check()

Node.js provider (optional) ~
- Disabled (loaded_node_provider=0).

==============================================================================
provider.perl: require("provider.perl.health").check()

Perl provider (optional) ~
- Disabled (loaded_perl_provider=0).

==============================================================================
provider.python: require("provider.python.health").check()

Python 3 provider (optional) ~
- pyenv: Path: /nix/store/6kh9l9w7ya8q0sdmgsqnmxn3yv9k045b-pyenv-2.5.0/libexec/pyenv
- pyenv: Root: /home/yechiel/.local/share/pyenv
- Using: g:python3_host_prog = "/nix/store/xcp9nsdl2chviw711vnbkg56ggg8jx5w-neovim-0.10.4-nvim/bin/nvim-python3"
- Executable: /nix/store/xcp9nsdl2chviw711vnbkg56ggg8jx5w-neovim-0.10.4-nvim/bin/nvim-python3
- Python version: 3.12.8
- pynvim version: 0.5.2
- OK Latest pynvim is installed.

Python virtualenv ~
- OK no $VIRTUAL_ENV

==============================================================================
provider.ruby: require("provider.ruby.health").check()

Ruby provider (optional) ~
- Ruby: ruby 3.3.6 (2024-11-05 revision 75015d4c1f) [x86_64-linux]
- Host: /nix/store/xcp9nsdl2chviw711vnbkg56ggg8jx5w-neovim-0.10.4-nvim/bin/nvim-ruby
- OK Latest "neovim" gem is installed: 0.10.0
  

==============================================================================
vim.lsp: require("vim.lsp.health").check()

- LSP log level : WARN
- Log path: /home/yechiel/.local/state/nvim/lsp.log
- Log size: 264 KB

vim.lsp: Active Clients ~
- No active clients

vim.lsp: File Watcher ~
- file watching "(workspace/didChangeWatchedFiles)" disabled on all clients

vim.lsp: Position Encodings ~
- No active clients

==============================================================================
vim.treesitter: require("vim.treesitter.health").check()

- Nvim runtime ABI version: 14
- OK Parser: ada                  ABI: 14, path: /nix/store/jh0qwyznlv2am09ryxs1ljr2byhmp4i9-vimplugin-treesitter-grammar-ALL-INCLUDED/parser/ada.so
- OK Parser: agda                 ABI: 14, path: /nix/store/jh0qwyznlv2am09ryxs1ljr2byhmp4i9-vimplugin-treesitter-grammar-ALL-INCLUDED/parser/agda.so
- OK Parser: angular              ABI: 14, path: /nix/store/jh0qwyznlv2am09ryxs1ljr2byhmp4i9-vimplugin-treesitter-grammar-ALL-INCLUDED/parser/angular.so
- OK Parser: apex                 ABI: 14, path: /nix/store/jh0qwyznlv2am09ryxs1ljr2byhmp4i9-vimplugin-treesitter-grammar-ALL-INCLUDED/parser/apex.so
- OK Parser: arduino              ABI: 14, path: /nix/store/jh0qwyznlv2am09ryxs1ljr2byhmp4i9-vimplugin-treesitter-grammar-ALL-INCLUDED/parser/arduino.so
- OK Parser: asm                  ABI: 14, path: /nix/store/jh0qwyznlv2am09ryxs1ljr2byhmp4i9-vimplugin-treesitter-grammar-ALL-INCLUDED/parser/asm.so
- OK Parser: astro                ABI: 14, path: /nix/store/jh0qwyznlv2am09ryxs1ljr2byhmp4i9-vimplugin-treesitter-grammar-ALL-INCLUDED/parser/astro.so
- OK Parser: authzed              ABI: 14, path: /nix/store/jh0qwyznlv2am09ryxs1ljr2byhmp4i9-vimplugin-treesitter-grammar-ALL-INCLUDED/parser/authzed.so
- OK Parser: awk                  ABI: 14, path: /nix/store/jh0qwyznlv2am09ryxs1ljr2byhmp4i9-vimplugin-treesitter-grammar-ALL-INCLUDED/parser/awk.so
- OK Parser: bash                 ABI: 14, path: /nix/store/jh0qwyznlv2am09ryxs1ljr2byhmp4i9-vimplugin-treesitter-grammar-ALL-INCLUDED/parser/bash.so
- OK Parser: bass                 ABI: 14, path: /nix/store/jh0qwyznlv2am09ryxs1ljr2byhmp4i9-vimplugin-treesitter-grammar-ALL-INCLUDED/parser/bass.so
- OK Parser: beancount            ABI: 14, path: /nix/store/jh0qwyznlv2am09ryxs1ljr2byhmp4i9-vimplugin-treesitter-grammar-ALL-INCLUDED/parser/beancount.so
- OK Parser: bibtex               ABI: 13, path: /nix/store/jh0qwyznlv2am09ryxs1ljr2byhmp4i9-vimplugin-treesitter-grammar-ALL-INCLUDED/parser/bibtex.so
- OK Parser: bicep                ABI: 14, path: /nix/store/jh0qwyznlv2am09ryxs1ljr2byhmp4i9-vimplugin-treesitter-grammar-ALL-INCLUDED/parser/bicep.so
- OK Parser: bitbake              ABI: 14, path: /nix/store/jh0qwyznlv2am09ryxs1ljr2byhmp4i9-vimplugin-treesitter-grammar-ALL-INCLUDED/parser/bitbake.so
- OK Parser: blueprint            ABI: 14, path: /nix/store/jh0qwyznlv2am09ryxs1ljr2byhmp4i9-vimplugin-treesitter-grammar-ALL-INCLUDED/parser/blueprint.so
- OK Parser: bp                   ABI: 14, path: /nix/store/jh0qwyznlv2am09ryxs1ljr2byhmp4i9-vimplugin-treesitter-grammar-ALL-INCLUDED/parser/bp.so
- OK Parser: c                    ABI: 14, path: /nix/store/jh0qwyznlv2am09ryxs1ljr2byhmp4i9-vimplugin-treesitter-grammar-ALL-INCLUDED/parser/c.so
- OK Parser: c_sharp              ABI: 14, path: /nix/store/jh0qwyznlv2am09ryxs1ljr2byhmp4i9-vimplugin-treesitter-grammar-ALL-INCLUDED/parser/c_sharp.so
- OK Parser: cairo                ABI: 14, path: /nix/store/jh0qwyznlv2am09ryxs1ljr2byhmp4i9-vimplugin-treesitter-grammar-ALL-INCLUDED/parser/cairo.so
- OK Parser: capnp                ABI: 14, path: /nix/store/jh0qwyznlv2am09ryxs1ljr2byhmp4i9-vimplugin-treesitter-grammar-ALL-INCLUDED/parser/capnp.so
- OK Parser: chatito              ABI: 14, path: /nix/store/jh0qwyznlv2am09ryxs1ljr2byhmp4i9-vimplugin-treesitter-grammar-ALL-INCLUDED/parser/chatito.so
- OK Parser: circom               ABI: 14, path: /nix/store/jh0qwyznlv2am09ryxs1ljr2byhmp4i9-vimplugin-treesitter-grammar-ALL-INCLUDED/parser/circom.so
- OK Parser: clojure              ABI: 14, path: /nix/store/jh0qwyznlv2am09ryxs1ljr2byhmp4i9-vimplugin-treesitter-grammar-ALL-INCLUDED/parser/clojure.so
- OK Parser: cmake                ABI: 14, path: /nix/store/jh0qwyznlv2am09ryxs1ljr2byhmp4i9-vimplugin-treesitter-grammar-ALL-INCLUDED/parser/cmake.so
- OK Parser: comment              ABI: 14, path: /nix/store/jh0qwyznlv2am09ryxs1ljr2byhmp4i9-vimplugin-treesitter-grammar-ALL-INCLUDED/parser/comment.so
- OK Parser: commonlisp           ABI: 14, path: /nix/store/jh0qwyznlv2am09ryxs1ljr2byhmp4i9-vimplugin-treesitter-grammar-ALL-INCLUDED/parser/commonlisp.so
- OK Parser: cooklang             ABI: 14, path: /nix/store/jh0qwyznlv2am09ryxs1ljr2byhmp4i9-vimplugin-treesitter-grammar-ALL-INCLUDED/parser/cooklang.so
- OK Parser: corn                 ABI: 14, path: /nix/store/jh0qwyznlv2am09ryxs1ljr2byhmp4i9-vimplugin-treesitter-grammar-ALL-INCLUDED/parser/corn.so
- OK Parser: cpon                 ABI: 14, path: /nix/store/jh0qwyznlv2am09ryxs1ljr2byhmp4i9-vimplugin-treesitter-grammar-ALL-INCLUDED/parser/cpon.so
- OK Parser: cpp                  ABI: 14, path: /nix/store/jh0qwyznlv2am09ryxs1ljr2byhmp4i9-vimplugin-treesitter-grammar-ALL-INCLUDED/parser/cpp.so
- OK Parser: css                  ABI: 14, path: /nix/store/jh0qwyznlv2am09ryxs1ljr2byhmp4i9-vimplugin-treesitter-grammar-ALL-INCLUDED/parser/css.so
- OK Parser: csv                  ABI: 14, path: /nix/store/jh0qwyznlv2am09ryxs1ljr2byhmp4i9-vimplugin-treesitter-grammar-ALL-INCLUDED/parser/csv.so
- OK Parser: cuda                 ABI: 14, path: /nix/store/jh0qwyznlv2am09ryxs1ljr2byhmp4i9-vimplugin-treesitter-grammar-ALL-INCLUDED/parser/cuda.so
- OK Parser: cue                  ABI: 14, path: /nix/store/jh0qwyznlv2am09ryxs1ljr2byhmp4i9-vimplugin-treesitter-grammar-ALL-INCLUDED/parser/cue.so
- OK Parser: cylc                 ABI: 14, path: /nix/store/jh0qwyznlv2am09ryxs1ljr2byhmp4i9-vimplugin-treesitter-grammar-ALL-INCLUDED/parser/cylc.so
- OK Parser: d                    ABI: 14, path: /nix/store/jh0qwyznlv2am09ryxs1ljr2byhmp4i9-vimplugin-treesitter-grammar-ALL-INCLUDED/parser/d.so
- OK Parser: dart                 ABI: 14, path: /nix/store/jh0qwyznlv2am09ryxs1ljr2byhmp4i9-vimplugin-treesitter-grammar-ALL-INCLUDED/parser/dart.so
- OK Parser: desktop              ABI: 14, path: /nix/store/jh0qwyznlv2am09ryxs1ljr2byhmp4i9-vimplugin-treesitter-grammar-ALL-INCLUDED/parser/desktop.so
- OK Parser: devicetree           ABI: 14, path: /nix/store/jh0qwyznlv2am09ryxs1ljr2byhmp4i9-vimplugin-treesitter-grammar-ALL-INCLUDED/parser/devicetree.so
- OK Parser: dhall                ABI: 14, path: /nix/store/jh0qwyznlv2am09ryxs1ljr2byhmp4i9-vimplugin-treesitter-grammar-ALL-INCLUDED/parser/dhall.so
- OK Parser: diff                 ABI: 14, path: /nix/store/jh0qwyznlv2am09ryxs1ljr2byhmp4i9-vimplugin-treesitter-grammar-ALL-INCLUDED/parser/diff.so
- OK Parser: disassembly          ABI: 14, path: /nix/store/jh0qwyznlv2am09ryxs1ljr2byhmp4i9-vimplugin-treesitter-grammar-ALL-INCLUDED/parser/disassembly.so
- OK Parser: djot                 ABI: 14, path: /nix/store/jh0qwyznlv2am09ryxs1ljr2byhmp4i9-vimplugin-treesitter-grammar-ALL-INCLUDED/parser/djot.so
- OK Parser: dockerfile           ABI: 14, path: /nix/store/jh0qwyznlv2am09ryxs1ljr2byhmp4i9-vimplugin-treesitter-grammar-ALL-INCLUDED/parser/dockerfile.so
- OK Parser: dot                  ABI: 13, path: /nix/store/jh0qwyznlv2am09ryxs1ljr2byhmp4i9-vimplugin-treesitter-grammar-ALL-INCLUDED/parser/dot.so
- OK Parser: doxygen              ABI: 14, path: /nix/store/jh0qwyznlv2am09ryxs1ljr2byhmp4i9-vimplugin-treesitter-grammar-ALL-INCLUDED/parser/doxygen.so
- OK Parser: dtd                  ABI: 14, path: /nix/store/jh0qwyznlv2am09ryxs1ljr2byhmp4i9-vimplugin-treesitter-grammar-ALL-INCLUDED/parser/dtd.so
- OK Parser: earthfile            ABI: 14, path: /nix/store/jh0qwyznlv2am09ryxs1ljr2byhmp4i9-vimplugin-treesitter-grammar-ALL-INCLUDED/parser/earthfile.so
- OK Parser: ebnf                 ABI: 14, path: /nix/store/jh0qwyznlv2am09ryxs1ljr2byhmp4i9-vimplugin-treesitter-grammar-ALL-INCLUDED/parser/ebnf.so
- OK Parser: editorconfig         ABI: 14, path: /nix/store/jh0qwyznlv2am09ryxs1ljr2byhmp4i9-vimplugin-treesitter-grammar-ALL-INCLUDED/parser/editorconfig.so
- OK Parser: eds                  ABI: 14, path: /nix/store/jh0qwyznlv2am09ryxs1ljr2byhmp4i9-vimplugin-treesitter-grammar-ALL-INCLUDED/parser/eds.so
- OK Parser: eex                  ABI: 13, path: /nix/store/jh0qwyznlv2am09ryxs1ljr2byhmp4i9-vimplugin-treesitter-grammar-ALL-INCLUDED/parser/eex.so
- OK Parser: elixir               ABI: 14, path: /nix/store/jh0qwyznlv2am09ryxs1ljr2byhmp4i9-vimplugin-treesitter-grammar-ALL-INCLUDED/parser/elixir.so
- OK Parser: elm                  ABI: 14, path: /nix/store/jh0qwyznlv2am09ryxs1ljr2byhmp4i9-vimplugin-treesitter-grammar-ALL-INCLUDED/parser/elm.so
- OK Parser: elsa                 ABI: 14, path: /nix/store/jh0qwyznlv2am09ryxs1ljr2byhmp4i9-vimplugin-treesitter-grammar-ALL-INCLUDED/parser/elsa.so
- OK Parser: elvish               ABI: 14, path: /nix/store/jh0qwyznlv2am09ryxs1ljr2byhmp4i9-vimplugin-treesitter-grammar-ALL-INCLUDED/parser/elvish.so
- OK Parser: embedded_template    ABI: 14, path: /nix/store/jh0qwyznlv2am09ryxs1ljr2byhmp4i9-vimplugin-treesitter-grammar-ALL-INCLUDED/parser/embedded_template.so
- OK Parser: erlang               ABI: 14, path: /nix/store/jh0qwyznlv2am09ryxs1ljr2byhmp4i9-vimplugin-treesitter-grammar-ALL-INCLUDED/parser/erlang.so
- OK Parser: facility             ABI: 14, path: /nix/store/jh0qwyznlv2am09ryxs1ljr2byhmp4i9-vimplugin-treesitter-grammar-ALL-INCLUDED/parser/facility.so
- OK Parser: faust                ABI: 14, path: /nix/store/jh0qwyznlv2am09ryxs1ljr2byhmp4i9-vimplugin-treesitter-grammar-ALL-INCLUDED/parser/faust.so
- OK Parser: fennel               ABI: 14, path: /nix/store/jh0qwyznlv2am09ryxs1ljr2byhmp4i9-vimplugin-treesitter-grammar-ALL-INCLUDED/parser/fennel.so
- OK Parser: fidl                 ABI: 14, path: /nix/store/jh0qwyznlv2am09ryxs1ljr2byhmp4i9-vimplugin-treesitter-grammar-ALL-INCLUDED/parser/fidl.so
- OK Parser: firrtl               ABI: 14, path: /nix/store/jh0qwyznlv2am09ryxs1ljr2byhmp4i9-vimplugin-treesitter-grammar-ALL-INCLUDED/parser/firrtl.so
- OK Parser: fish                 ABI: 14, path: /nix/store/jh0qwyznlv2am09ryxs1ljr2byhmp4i9-vimplugin-treesitter-grammar-ALL-INCLUDED/parser/fish.so
- OK Parser: foam                 ABI: 14, path: /nix/store/jh0qwyznlv2am09ryxs1ljr2byhmp4i9-vimplugin-treesitter-grammar-ALL-INCLUDED/parser/foam.so
- OK Parser: forth                ABI: 14, path: /nix/store/jh0qwyznlv2am09ryxs1ljr2byhmp4i9-vimplugin-treesitter-grammar-ALL-INCLUDED/parser/forth.so
- OK Parser: fortran              ABI: 14, path: /nix/store/jh0qwyznlv2am09ryxs1ljr2byhmp4i9-vimplugin-treesitter-grammar-ALL-INCLUDED/parser/fortran.so
- OK Parser: fsh                  ABI: 14, path: /nix/store/jh0qwyznlv2am09ryxs1ljr2byhmp4i9-vimplugin-treesitter-grammar-ALL-INCLUDED/parser/fsh.so
- OK Parser: fsharp               ABI: 14, path: /nix/store/jh0qwyznlv2am09ryxs1ljr2byhmp4i9-vimplugin-treesitter-grammar-ALL-INCLUDED/parser/fsharp.so
- OK Parser: func                 ABI: 14, path: /nix/store/jh0qwyznlv2am09ryxs1ljr2byhmp4i9-vimplugin-treesitter-grammar-ALL-INCLUDED/parser/func.so
- OK Parser: fusion               ABI: 13, path: /nix/store/jh0qwyznlv2am09ryxs1ljr2byhmp4i9-vimplugin-treesitter-grammar-ALL-INCLUDED/parser/fusion.so
- OK Parser: gap                  ABI: 14, path: /nix/store/jh0qwyznlv2am09ryxs1ljr2byhmp4i9-vimplugin-treesitter-grammar-ALL-INCLUDED/parser/gap.so
- OK Parser: gaptst               ABI: 14, path: /nix/store/jh0qwyznlv2am09ryxs1ljr2byhmp4i9-vimplugin-treesitter-grammar-ALL-INCLUDED/parser/gaptst.so
- OK Parser: gdscript             ABI: 14, path: /nix/store/jh0qwyznlv2am09ryxs1ljr2byhmp4i9-vimplugin-treesitter-grammar-ALL-INCLUDED/parser/gdscript.so
- OK Parser: gdshader             ABI: 14, path: /nix/store/jh0qwyznlv2am09ryxs1ljr2byhmp4i9-vimplugin-treesitter-grammar-ALL-INCLUDED/parser/gdshader.so
- OK Parser: git_config           ABI: 13, path: /nix/store/jh0qwyznlv2am09ryxs1ljr2byhmp4i9-vimplugin-treesitter-grammar-ALL-INCLUDED/parser/git_config.so
- OK Parser: git_rebase           ABI: 14, path: /nix/store/jh0qwyznlv2am09ryxs1ljr2byhmp4i9-vimplugin-treesitter-grammar-ALL-INCLUDED/parser/git_rebase.so
- OK Parser: gitattributes        ABI: 14, path: /nix/store/jh0qwyznlv2am09ryxs1ljr2byhmp4i9-vimplugin-treesitter-grammar-ALL-INCLUDED/parser/gitattributes.so
- OK Parser: gitcommit            ABI: 14, path: /nix/store/jh0qwyznlv2am09ryxs1ljr2byhmp4i9-vimplugin-treesitter-grammar-ALL-INCLUDED/parser/gitcommit.so
- OK Parser: gitignore            ABI: 13, path: /nix/store/jh0qwyznlv2am09ryxs1ljr2byhmp4i9-vimplugin-treesitter-grammar-ALL-INCLUDED/parser/gitignore.so
- OK Parser: gleam                ABI: 13, path: /nix/store/jh0qwyznlv2am09ryxs1ljr2byhmp4i9-vimplugin-treesitter-grammar-ALL-INCLUDED/parser/gleam.so
- OK Parser: glimmer              ABI: 14, path: /nix/store/jh0qwyznlv2am09ryxs1ljr2byhmp4i9-vimplugin-treesitter-grammar-ALL-INCLUDED/parser/glimmer.so
- OK Parser: glimmer_javascript   ABI: 14, path: /nix/store/jh0qwyznlv2am09ryxs1ljr2byhmp4i9-vimplugin-treesitter-grammar-ALL-INCLUDED/parser/glimmer_javascript.so
- OK Parser: glimmer_typescript   ABI: 14, path: /nix/store/jh0qwyznlv2am09ryxs1ljr2byhmp4i9-vimplugin-treesitter-grammar-ALL-INCLUDED/parser/glimmer_typescript.so
- OK Parser: glsl                 ABI: 14, path: /nix/store/jh0qwyznlv2am09ryxs1ljr2byhmp4i9-vimplugin-treesitter-grammar-ALL-INCLUDED/parser/glsl.so
- OK Parser: gn                   ABI: 14, path: /nix/store/jh0qwyznlv2am09ryxs1ljr2byhmp4i9-vimplugin-treesitter-grammar-ALL-INCLUDED/parser/gn.so
- OK Parser: gnuplot              ABI: 14, path: /nix/store/jh0qwyznlv2am09ryxs1ljr2byhmp4i9-vimplugin-treesitter-grammar-ALL-INCLUDED/parser/gnuplot.so
- OK Parser: go                   ABI: 14, path: /nix/store/jh0qwyznlv2am09ryxs1ljr2byhmp4i9-vimplugin-treesitter-grammar-ALL-INCLUDED/parser/go.so
- OK Parser: goctl                ABI: 14, path: /nix/store/jh0qwyznlv2am09ryxs1ljr2byhmp4i9-vimplugin-treesitter-grammar-ALL-INCLUDED/parser/goctl.so
- OK Parser: godot_resource       ABI: 14, path: /nix/store/jh0qwyznlv2am09ryxs1ljr2byhmp4i9-vimplugin-treesitter-grammar-ALL-INCLUDED/parser/godot_resource.so
- OK Parser: gomod                ABI: 14, path: /nix/store/jh0qwyznlv2am09ryxs1ljr2byhmp4i9-vimplugin-treesitter-grammar-ALL-INCLUDED/parser/gomod.so
- OK Parser: gosum                ABI: 14, path: /nix/store/jh0qwyznlv2am09ryxs1ljr2byhmp4i9-vimplugin-treesitter-grammar-ALL-INCLUDED/parser/gosum.so
- OK Parser: gotmpl               ABI: 14, path: /nix/store/jh0qwyznlv2am09ryxs1ljr2byhmp4i9-vimplugin-treesitter-grammar-ALL-INCLUDED/parser/gotmpl.so
- OK Parser: gowork               ABI: 13, path: /nix/store/jh0qwyznlv2am09ryxs1ljr2byhmp4i9-vimplugin-treesitter-grammar-ALL-INCLUDED/parser/gowork.so
- OK Parser: gpg                  ABI: 14, path: /nix/store/jh0qwyznlv2am09ryxs1ljr2byhmp4i9-vimplugin-treesitter-grammar-ALL-INCLUDED/parser/gpg.so
- OK Parser: graphql              ABI: 13, path: /nix/store/jh0qwyznlv2am09ryxs1ljr2byhmp4i9-vimplugin-treesitter-grammar-ALL-INCLUDED/parser/graphql.so
- OK Parser: gren                 ABI: 14, path: /nix/store/jh0qwyznlv2am09ryxs1ljr2byhmp4i9-vimplugin-treesitter-grammar-ALL-INCLUDED/parser/gren.so
- OK Parser: groovy               ABI: 14, path: /nix/store/jh0qwyznlv2am09ryxs1ljr2byhmp4i9-vimplugin-treesitter-grammar-ALL-INCLUDED/parser/groovy.so
- OK Parser: gstlaunch            ABI: 14, path: /nix/store/jh0qwyznlv2am09ryxs1ljr2byhmp4i9-vimplugin-treesitter-grammar-ALL-INCLUDED/parser/gstlaunch.so
- OK Parser: hack                 ABI: 13, path: /nix/store/jh0qwyznlv2am09ryxs1ljr2byhmp4i9-vimplugin-treesitter-grammar-ALL-INCLUDED/parser/hack.so
- OK Parser: hare                 ABI: 14, path: /nix/store/jh0qwyznlv2am09ryxs1ljr2byhmp4i9-vimplugin-treesitter-grammar-ALL-INCLUDED/parser/hare.so
- OK Parser: haskell              ABI: 14, path: /nix/store/jh0qwyznlv2am09ryxs1ljr2byhmp4i9-vimplugin-treesitter-grammar-ALL-INCLUDED/parser/haskell.so
- OK Parser: haskell_persistent   ABI: 14, path: /nix/store/jh0qwyznlv2am09ryxs1ljr2byhmp4i9-vimplugin-treesitter-grammar-ALL-INCLUDED/parser/haskell_persistent.so
- OK Parser: hcl                  ABI: 14, path: /nix/store/jh0qwyznlv2am09ryxs1ljr2byhmp4i9-vimplugin-treesitter-grammar-ALL-INCLUDED/parser/hcl.so
- OK Parser: heex                 ABI: 14, path: /nix/store/jh0qwyznlv2am09ryxs1ljr2byhmp4i9-vimplugin-treesitter-grammar-ALL-INCLUDED/parser/heex.so
- OK Parser: helm                 ABI: 14, path: /nix/store/jh0qwyznlv2am09ryxs1ljr2byhmp4i9-vimplugin-treesitter-grammar-ALL-INCLUDED/parser/helm.so
- OK Parser: hjson                ABI: 13, path: /nix/store/jh0qwyznlv2am09ryxs1ljr2byhmp4i9-vimplugin-treesitter-grammar-ALL-INCLUDED/parser/hjson.so
- OK Parser: hlsl                 ABI: 14, path: /nix/store/jh0qwyznlv2am09ryxs1ljr2byhmp4i9-vimplugin-treesitter-grammar-ALL-INCLUDED/parser/hlsl.so
- OK Parser: hlsplaylist          ABI: 14, path: /nix/store/jh0qwyznlv2am09ryxs1ljr2byhmp4i9-vimplugin-treesitter-grammar-ALL-INCLUDED/parser/hlsplaylist.so
- OK Parser: hocon                ABI: 14, path: /nix/store/jh0qwyznlv2am09ryxs1ljr2byhmp4i9-vimplugin-treesitter-grammar-ALL-INCLUDED/parser/hocon.so
- OK Parser: hoon                 ABI: 14, path: /nix/store/jh0qwyznlv2am09ryxs1ljr2byhmp4i9-vimplugin-treesitter-grammar-ALL-INCLUDED/parser/hoon.so
- OK Parser: html                 ABI: 14, path: /nix/store/jh0qwyznlv2am09ryxs1ljr2byhmp4i9-vimplugin-treesitter-grammar-ALL-INCLUDED/parser/html.so
- OK Parser: htmldjango           ABI: 14, path: /nix/store/jh0qwyznlv2am09ryxs1ljr2byhmp4i9-vimplugin-treesitter-grammar-ALL-INCLUDED/parser/htmldjango.so
- OK Parser: http                 ABI: 14, path: /nix/store/jh0qwyznlv2am09ryxs1ljr2byhmp4i9-vimplugin-treesitter-grammar-ALL-INCLUDED/parser/http.so
- OK Parser: hurl                 ABI: 14, path: /nix/store/jh0qwyznlv2am09ryxs1ljr2byhmp4i9-vimplugin-treesitter-grammar-ALL-INCLUDED/parser/hurl.so
- OK Parser: hyprlang             ABI: 14, path: /nix/store/jh0qwyznlv2am09ryxs1ljr2byhmp4i9-vimplugin-treesitter-grammar-ALL-INCLUDED/parser/hyprlang.so
- OK Parser: idl                  ABI: 14, path: /nix/store/jh0qwyznlv2am09ryxs1ljr2byhmp4i9-vimplugin-treesitter-grammar-ALL-INCLUDED/parser/idl.so
- OK Parser: idris                ABI: 14, path: /nix/store/jh0qwyznlv2am09ryxs1ljr2byhmp4i9-vimplugin-treesitter-grammar-ALL-INCLUDED/parser/idris.so
- OK Parser: ini                  ABI: 14, path: /nix/store/jh0qwyznlv2am09ryxs1ljr2byhmp4i9-vimplugin-treesitter-grammar-ALL-INCLUDED/parser/ini.so
- OK Parser: inko                 ABI: 14, path: /nix/store/jh0qwyznlv2am09ryxs1ljr2byhmp4i9-vimplugin-treesitter-grammar-ALL-INCLUDED/parser/inko.so
- OK Parser: ipkg                 ABI: 14, path: /nix/store/jh0qwyznlv2am09ryxs1ljr2byhmp4i9-vimplugin-treesitter-grammar-ALL-INCLUDED/parser/ipkg.so
- OK Parser: ispc                 ABI: 14, path: /nix/store/jh0qwyznlv2am09ryxs1ljr2byhmp4i9-vimplugin-treesitter-grammar-ALL-INCLUDED/parser/ispc.so
- OK Parser: janet_simple         ABI: 13, path: /nix/store/jh0qwyznlv2am09ryxs1ljr2byhmp4i9-vimplugin-treesitter-grammar-ALL-INCLUDED/parser/janet_simple.so
- OK Parser: java                 ABI: 14, path: /nix/store/jh0qwyznlv2am09ryxs1ljr2byhmp4i9-vimplugin-treesitter-grammar-ALL-INCLUDED/parser/java.so
- OK Parser: javascript           ABI: 14, path: /nix/store/jh0qwyznlv2am09ryxs1ljr2byhmp4i9-vimplugin-treesitter-grammar-ALL-INCLUDED/parser/javascript.so
- OK Parser: jq                   ABI: 13, path: /nix/store/jh0qwyznlv2am09ryxs1ljr2byhmp4i9-vimplugin-treesitter-grammar-ALL-INCLUDED/parser/jq.so
- OK Parser: jsdoc                ABI: 14, path: /nix/store/jh0qwyznlv2am09ryxs1ljr2byhmp4i9-vimplugin-treesitter-grammar-ALL-INCLUDED/parser/jsdoc.so
- OK Parser: json                 ABI: 14, path: /nix/store/jh0qwyznlv2am09ryxs1ljr2byhmp4i9-vimplugin-treesitter-grammar-ALL-INCLUDED/parser/json.so
- OK Parser: json5                ABI: 14, path: /nix/store/jh0qwyznlv2am09ryxs1ljr2byhmp4i9-vimplugin-treesitter-grammar-ALL-INCLUDED/parser/json5.so
- OK Parser: jsonc                ABI: 13, path: /nix/store/jh0qwyznlv2am09ryxs1ljr2byhmp4i9-vimplugin-treesitter-grammar-ALL-INCLUDED/parser/jsonc.so
- OK Parser: jsonnet              ABI: 14, path: /nix/store/jh0qwyznlv2am09ryxs1ljr2byhmp4i9-vimplugin-treesitter-grammar-ALL-INCLUDED/parser/jsonnet.so
- OK Parser: julia                ABI: 14, path: /nix/store/jh0qwyznlv2am09ryxs1ljr2byhmp4i9-vimplugin-treesitter-grammar-ALL-INCLUDED/parser/julia.so
- OK Parser: just                 ABI: 14, path: /nix/store/jh0qwyznlv2am09ryxs1ljr2byhmp4i9-vimplugin-treesitter-grammar-ALL-INCLUDED/parser/just.so
- OK Parser: kconfig              ABI: 14, path: /nix/store/jh0qwyznlv2am09ryxs1ljr2byhmp4i9-vimplugin-treesitter-grammar-ALL-INCLUDED/parser/kconfig.so
- OK Parser: kdl                  ABI: 14, path: /nix/store/jh0qwyznlv2am09ryxs1ljr2byhmp4i9-vimplugin-treesitter-grammar-ALL-INCLUDED/parser/kdl.so
- OK Parser: kotlin               ABI: 14, path: /nix/store/jh0qwyznlv2am09ryxs1ljr2byhmp4i9-vimplugin-treesitter-grammar-ALL-INCLUDED/parser/kotlin.so
- OK Parser: koto                 ABI: 14, path: /nix/store/jh0qwyznlv2am09ryxs1ljr2byhmp4i9-vimplugin-treesitter-grammar-ALL-INCLUDED/parser/koto.so
- OK Parser: kusto                ABI: 14, path: /nix/store/jh0qwyznlv2am09ryxs1ljr2byhmp4i9-vimplugin-treesitter-grammar-ALL-INCLUDED/parser/kusto.so
- OK Parser: lalrpop              ABI: 14, path: /nix/store/jh0qwyznlv2am09ryxs1ljr2byhmp4i9-vimplugin-treesitter-grammar-ALL-INCLUDED/parser/lalrpop.so
- OK Parser: latex                ABI: 14, path: /nix/store/jh0qwyznlv2am09ryxs1ljr2byhmp4i9-vimplugin-treesitter-grammar-ALL-INCLUDED/parser/latex.so
- OK Parser: ledger               ABI: 14, path: /nix/store/jh0qwyznlv2am09ryxs1ljr2byhmp4i9-vimplugin-treesitter-grammar-ALL-INCLUDED/parser/ledger.so
- OK Parser: leo                  ABI: 14, path: /nix/store/jh0qwyznlv2am09ryxs1ljr2byhmp4i9-vimplugin-treesitter-grammar-ALL-INCLUDED/parser/leo.so
- OK Parser: linkerscript         ABI: 14, path: /nix/store/jh0qwyznlv2am09ryxs1ljr2byhmp4i9-vimplugin-treesitter-grammar-ALL-INCLUDED/parser/linkerscript.so
- OK Parser: liquid               ABI: 14, path: /nix/store/jh0qwyznlv2am09ryxs1ljr2byhmp4i9-vimplugin-treesitter-grammar-ALL-INCLUDED/parser/liquid.so
- OK Parser: liquidsoap           ABI: 14, path: /nix/store/jh0qwyznlv2am09ryxs1ljr2byhmp4i9-vimplugin-treesitter-grammar-ALL-INCLUDED/parser/liquidsoap.so
- OK Parser: llvm                 ABI: 14, path: /nix/store/jh0qwyznlv2am09ryxs1ljr2byhmp4i9-vimplugin-treesitter-grammar-ALL-INCLUDED/parser/llvm.so
- OK Parser: lua                  ABI: 14, path: /nix/store/jh0qwyznlv2am09ryxs1ljr2byhmp4i9-vimplugin-treesitter-grammar-ALL-INCLUDED/parser/lua.so
- OK Parser: luadoc               ABI: 14, path: /nix/store/jh0qwyznlv2am09ryxs1ljr2byhmp4i9-vimplugin-treesitter-grammar-ALL-INCLUDED/parser/luadoc.so
- OK Parser: luap                 ABI: 14, path: /nix/store/jh0qwyznlv2am09ryxs1ljr2byhmp4i9-vimplugin-treesitter-grammar-ALL-INCLUDED/parser/luap.so
- OK Parser: luau                 ABI: 14, path: /nix/store/jh0qwyznlv2am09ryxs1ljr2byhmp4i9-vimplugin-treesitter-grammar-ALL-INCLUDED/parser/luau.so
- OK Parser: m68k                 ABI: 14, path: /nix/store/jh0qwyznlv2am09ryxs1ljr2byhmp4i9-vimplugin-treesitter-grammar-ALL-INCLUDED/parser/m68k.so
- OK Parser: make                 ABI: 13, path: /nix/store/jh0qwyznlv2am09ryxs1ljr2byhmp4i9-vimplugin-treesitter-grammar-ALL-INCLUDED/parser/make.so
- OK Parser: markdown             ABI: 14, path: /nix/store/jh0qwyznlv2am09ryxs1ljr2byhmp4i9-vimplugin-treesitter-grammar-ALL-INCLUDED/parser/markdown.so
- OK Parser: markdown_inline      ABI: 14, path: /nix/store/jh0qwyznlv2am09ryxs1ljr2byhmp4i9-vimplugin-treesitter-grammar-ALL-INCLUDED/parser/markdown_inline.so
- OK Parser: matlab               ABI: 14, path: /nix/store/jh0qwyznlv2am09ryxs1ljr2byhmp4i9-vimplugin-treesitter-grammar-ALL-INCLUDED/parser/matlab.so
- OK Parser: menhir               ABI: 13, path: /nix/store/jh0qwyznlv2am09ryxs1ljr2byhmp4i9-vimplugin-treesitter-grammar-ALL-INCLUDED/parser/menhir.so
- OK Parser: mermaid              ABI: 14, path: /nix/store/jh0qwyznlv2am09ryxs1ljr2byhmp4i9-vimplugin-treesitter-grammar-ALL-INCLUDED/parser/mermaid.so
- OK Parser: meson                ABI: 14, path: /nix/store/jh0qwyznlv2am09ryxs1ljr2byhmp4i9-vimplugin-treesitter-grammar-ALL-INCLUDED/parser/meson.so
- OK Parser: mlir                 ABI: 14, path: /nix/store/jh0qwyznlv2am09ryxs1ljr2byhmp4i9-vimplugin-treesitter-grammar-ALL-INCLUDED/parser/mlir.so
- OK Parser: muttrc               ABI: 14, path: /nix/store/jh0qwyznlv2am09ryxs1ljr2byhmp4i9-vimplugin-treesitter-grammar-ALL-INCLUDED/parser/muttrc.so
- OK Parser: nasm                 ABI: 14, path: /nix/store/jh0qwyznlv2am09ryxs1ljr2byhmp4i9-vimplugin-treesitter-grammar-ALL-INCLUDED/parser/nasm.so
- OK Parser: nginx                ABI: 14, path: /nix/store/jh0qwyznlv2am09ryxs1ljr2byhmp4i9-vimplugin-treesitter-grammar-ALL-INCLUDED/parser/nginx.so
- OK Parser: nickel               ABI: 14, path: /nix/store/jh0qwyznlv2am09ryxs1ljr2byhmp4i9-vimplugin-treesitter-grammar-ALL-INCLUDED/parser/nickel.so
- OK Parser: nim                  ABI: 14, path: /nix/store/jh0qwyznlv2am09ryxs1ljr2byhmp4i9-vimplugin-treesitter-grammar-ALL-INCLUDED/parser/nim.so
- OK Parser: nim_format_string    ABI: 14, path: /nix/store/jh0qwyznlv2am09ryxs1ljr2byhmp4i9-vimplugin-treesitter-grammar-ALL-INCLUDED/parser/nim_format_string.so
- OK Parser: ninja                ABI: 13, path: /nix/store/jh0qwyznlv2am09ryxs1ljr2byhmp4i9-vimplugin-treesitter-grammar-ALL-INCLUDED/parser/ninja.so
- OK Parser: nix                  ABI: 13, path: /nix/store/jh0qwyznlv2am09ryxs1ljr2byhmp4i9-vimplugin-treesitter-grammar-ALL-INCLUDED/parser/nix.so
- OK Parser: norg                 ABI: 14, path: /nix/store/jh0qwyznlv2am09ryxs1ljr2byhmp4i9-vimplugin-treesitter-grammar-ALL-INCLUDED/parser/norg.so
- OK Parser: nqc                  ABI: 14, path: /nix/store/jh0qwyznlv2am09ryxs1ljr2byhmp4i9-vimplugin-treesitter-grammar-ALL-INCLUDED/parser/nqc.so
- OK Parser: nu                   ABI: 14, path: /nix/store/jh0qwyznlv2am09ryxs1ljr2byhmp4i9-vimplugin-treesitter-grammar-ALL-INCLUDED/parser/nu.so
- OK Parser: objc                 ABI: 14, path: /nix/store/jh0qwyznlv2am09ryxs1ljr2byhmp4i9-vimplugin-treesitter-grammar-ALL-INCLUDED/parser/objc.so
- OK Parser: objdump              ABI: 14, path: /nix/store/jh0qwyznlv2am09ryxs1ljr2byhmp4i9-vimplugin-treesitter-grammar-ALL-INCLUDED/parser/objdump.so
- OK Parser: ocaml                ABI: 14, path: /nix/store/jh0qwyznlv2am09ryxs1ljr2byhmp4i9-vimplugin-treesitter-grammar-ALL-INCLUDED/parser/ocaml.so
- OK Parser: ocaml_interface      ABI: 14, path: /nix/store/jh0qwyznlv2am09ryxs1ljr2byhmp4i9-vimplugin-treesitter-grammar-ALL-INCLUDED/parser/ocaml_interface.so
- OK Parser: ocamllex             ABI: 14, path: /nix/store/jh0qwyznlv2am09ryxs1ljr2byhmp4i9-vimplugin-treesitter-grammar-ALL-INCLUDED/parser/ocamllex.so
- OK Parser: odin                 ABI: 14, path: /nix/store/jh0qwyznlv2am09ryxs1ljr2byhmp4i9-vimplugin-treesitter-grammar-ALL-INCLUDED/parser/odin.so
- OK Parser: org                  ABI: 14, path: /nix/store/jh0qwyznlv2am09ryxs1ljr2byhmp4i9-vimplugin-treesitter-grammar-ALL-INCLUDED/parser/org.so
- OK Parser: pascal               ABI: 14, path: /nix/store/jh0qwyznlv2am09ryxs1ljr2byhmp4i9-vimplugin-treesitter-grammar-ALL-INCLUDED/parser/pascal.so
- OK Parser: passwd               ABI: 14, path: /nix/store/jh0qwyznlv2am09ryxs1ljr2byhmp4i9-vimplugin-treesitter-grammar-ALL-INCLUDED/parser/passwd.so
- OK Parser: pem                  ABI: 14, path: /nix/store/jh0qwyznlv2am09ryxs1ljr2byhmp4i9-vimplugin-treesitter-grammar-ALL-INCLUDED/parser/pem.so
- OK Parser: perl                 ABI: 14, path: /nix/store/jh0qwyznlv2am09ryxs1ljr2byhmp4i9-vimplugin-treesitter-grammar-ALL-INCLUDED/parser/perl.so
- OK Parser: php                  ABI: 14, path: /nix/store/jh0qwyznlv2am09ryxs1ljr2byhmp4i9-vimplugin-treesitter-grammar-ALL-INCLUDED/parser/php.so
- OK Parser: php_only             ABI: 14, path: /nix/store/jh0qwyznlv2am09ryxs1ljr2byhmp4i9-vimplugin-treesitter-grammar-ALL-INCLUDED/parser/php_only.so
- OK Parser: phpdoc               ABI: 14, path: /nix/store/jh0qwyznlv2am09ryxs1ljr2byhmp4i9-vimplugin-treesitter-grammar-ALL-INCLUDED/parser/phpdoc.so
- OK Parser: pioasm               ABI: 14, path: /nix/store/jh0qwyznlv2am09ryxs1ljr2byhmp4i9-vimplugin-treesitter-grammar-ALL-INCLUDED/parser/pioasm.so
- OK Parser: po                   ABI: 14, path: /nix/store/jh0qwyznlv2am09ryxs1ljr2byhmp4i9-vimplugin-treesitter-grammar-ALL-INCLUDED/parser/po.so
- OK Parser: pod                  ABI: 14, path: /nix/store/jh0qwyznlv2am09ryxs1ljr2byhmp4i9-vimplugin-treesitter-grammar-ALL-INCLUDED/parser/pod.so
- OK Parser: poe_filter           ABI: 14, path: /nix/store/jh0qwyznlv2am09ryxs1ljr2byhmp4i9-vimplugin-treesitter-grammar-ALL-INCLUDED/parser/poe_filter.so
- OK Parser: pony                 ABI: 14, path: /nix/store/jh0qwyznlv2am09ryxs1ljr2byhmp4i9-vimplugin-treesitter-grammar-ALL-INCLUDED/parser/pony.so
- OK Parser: powershell           ABI: 14, path: /nix/store/jh0qwyznlv2am09ryxs1ljr2byhmp4i9-vimplugin-treesitter-grammar-ALL-INCLUDED/parser/powershell.so
- OK Parser: printf               ABI: 14, path: /nix/store/jh0qwyznlv2am09ryxs1ljr2byhmp4i9-vimplugin-treesitter-grammar-ALL-INCLUDED/parser/printf.so
- OK Parser: prisma               ABI: 14, path: /nix/store/jh0qwyznlv2am09ryxs1ljr2byhmp4i9-vimplugin-treesitter-grammar-ALL-INCLUDED/parser/prisma.so
- OK Parser: problog              ABI: 14, path: /nix/store/jh0qwyznlv2am09ryxs1ljr2byhmp4i9-vimplugin-treesitter-grammar-ALL-INCLUDED/parser/problog.so
- OK Parser: prolog               ABI: 14, path: /nix/store/jh0qwyznlv2am09ryxs1ljr2byhmp4i9-vimplugin-treesitter-grammar-ALL-INCLUDED/parser/prolog.so
- OK Parser: promql               ABI: 14, path: /nix/store/jh0qwyznlv2am09ryxs1ljr2byhmp4i9-vimplugin-treesitter-grammar-ALL-INCLUDED/parser/promql.so
- OK Parser: properties           ABI: 14, path: /nix/store/jh0qwyznlv2am09ryxs1ljr2byhmp4i9-vimplugin-treesitter-grammar-ALL-INCLUDED/parser/properties.so
- OK Parser: proto                ABI: 14, path: /nix/store/jh0qwyznlv2am09ryxs1ljr2byhmp4i9-vimplugin-treesitter-grammar-ALL-INCLUDED/parser/proto.so
- OK Parser: prql                 ABI: 14, path: /nix/store/jh0qwyznlv2am09ryxs1ljr2byhmp4i9-vimplugin-treesitter-grammar-ALL-INCLUDED/parser/prql.so
- OK Parser: psv                  ABI: 14, path: /nix/store/jh0qwyznlv2am09ryxs1ljr2byhmp4i9-vimplugin-treesitter-grammar-ALL-INCLUDED/parser/psv.so
- OK Parser: pug                  ABI: 14, path: /nix/store/jh0qwyznlv2am09ryxs1ljr2byhmp4i9-vimplugin-treesitter-grammar-ALL-INCLUDED/parser/pug.so
- OK Parser: puppet               ABI: 14, path: /nix/store/jh0qwyznlv2am09ryxs1ljr2byhmp4i9-vimplugin-treesitter-grammar-ALL-INCLUDED/parser/puppet.so
- OK Parser: purescript           ABI: 14, path: /nix/store/jh0qwyznlv2am09ryxs1ljr2byhmp4i9-vimplugin-treesitter-grammar-ALL-INCLUDED/parser/purescript.so
- OK Parser: pymanifest           ABI: 14, path: /nix/store/jh0qwyznlv2am09ryxs1ljr2byhmp4i9-vimplugin-treesitter-grammar-ALL-INCLUDED/parser/pymanifest.so
- OK Parser: python               ABI: 14, path: /nix/store/jh0qwyznlv2am09ryxs1ljr2byhmp4i9-vimplugin-treesitter-grammar-ALL-INCLUDED/parser/python.so
- OK Parser: ql                   ABI: 14, path: /nix/store/jh0qwyznlv2am09ryxs1ljr2byhmp4i9-vimplugin-treesitter-grammar-ALL-INCLUDED/parser/ql.so
- OK Parser: qmldir               ABI: 14, path: /nix/store/jh0qwyznlv2am09ryxs1ljr2byhmp4i9-vimplugin-treesitter-grammar-ALL-INCLUDED/parser/qmldir.so
- OK Parser: qmljs                ABI: 14, path: /nix/store/jh0qwyznlv2am09ryxs1ljr2byhmp4i9-vimplugin-treesitter-grammar-ALL-INCLUDED/parser/qmljs.so
- OK Parser: query                ABI: 14, path: /nix/store/jh0qwyznlv2am09ryxs1ljr2byhmp4i9-vimplugin-treesitter-grammar-ALL-INCLUDED/parser/query.so
- OK Parser: r                    ABI: 14, path: /nix/store/jh0qwyznlv2am09ryxs1ljr2byhmp4i9-vimplugin-treesitter-grammar-ALL-INCLUDED/parser/r.so
- OK Parser: racket               ABI: 14, path: /nix/store/jh0qwyznlv2am09ryxs1ljr2byhmp4i9-vimplugin-treesitter-grammar-ALL-INCLUDED/parser/racket.so
- OK Parser: ralph                ABI: 14, path: /nix/store/jh0qwyznlv2am09ryxs1ljr2byhmp4i9-vimplugin-treesitter-grammar-ALL-INCLUDED/parser/ralph.so
- OK Parser: rasi                 ABI: 14, path: /nix/store/jh0qwyznlv2am09ryxs1ljr2byhmp4i9-vimplugin-treesitter-grammar-ALL-INCLUDED/parser/rasi.so
- OK Parser: rbs                  ABI: 14, path: /nix/store/jh0qwyznlv2am09ryxs1ljr2byhmp4i9-vimplugin-treesitter-grammar-ALL-INCLUDED/parser/rbs.so
- OK Parser: re2c                 ABI: 14, path: /nix/store/jh0qwyznlv2am09ryxs1ljr2byhmp4i9-vimplugin-treesitter-grammar-ALL-INCLUDED/parser/re2c.so
- OK Parser: readline             ABI: 14, path: /nix/store/jh0qwyznlv2am09ryxs1ljr2byhmp4i9-vimplugin-treesitter-grammar-ALL-INCLUDED/parser/readline.so
- OK Parser: regex                ABI: 14, path: /nix/store/jh0qwyznlv2am09ryxs1ljr2byhmp4i9-vimplugin-treesitter-grammar-ALL-INCLUDED/parser/regex.so
- OK Parser: rego                 ABI: 13, path: /nix/store/jh0qwyznlv2am09ryxs1ljr2byhmp4i9-vimplugin-treesitter-grammar-ALL-INCLUDED/parser/rego.so
- OK Parser: requirements         ABI: 14, path: /nix/store/jh0qwyznlv2am09ryxs1ljr2byhmp4i9-vimplugin-treesitter-grammar-ALL-INCLUDED/parser/requirements.so
- OK Parser: rescript             ABI: 14, path: /nix/store/jh0qwyznlv2am09ryxs1ljr2byhmp4i9-vimplugin-treesitter-grammar-ALL-INCLUDED/parser/rescript.so
- OK Parser: rnoweb               ABI: 13, path: /nix/store/jh0qwyznlv2am09ryxs1ljr2byhmp4i9-vimplugin-treesitter-grammar-ALL-INCLUDED/parser/rnoweb.so
- OK Parser: robot                ABI: 14, path: /nix/store/jh0qwyznlv2am09ryxs1ljr2byhmp4i9-vimplugin-treesitter-grammar-ALL-INCLUDED/parser/robot.so
- OK Parser: robots               ABI: 14, path: /nix/store/jh0qwyznlv2am09ryxs1ljr2byhmp4i9-vimplugin-treesitter-grammar-ALL-INCLUDED/parser/robots.so
- OK Parser: roc                  ABI: 14, path: /nix/store/jh0qwyznlv2am09ryxs1ljr2byhmp4i9-vimplugin-treesitter-grammar-ALL-INCLUDED/parser/roc.so
- OK Parser: ron                  ABI: 14, path: /nix/store/jh0qwyznlv2am09ryxs1ljr2byhmp4i9-vimplugin-treesitter-grammar-ALL-INCLUDED/parser/ron.so
- OK Parser: rst                  ABI: 14, path: /nix/store/jh0qwyznlv2am09ryxs1ljr2byhmp4i9-vimplugin-treesitter-grammar-ALL-INCLUDED/parser/rst.so
- OK Parser: ruby                 ABI: 14, path: /nix/store/jh0qwyznlv2am09ryxs1ljr2byhmp4i9-vimplugin-treesitter-grammar-ALL-INCLUDED/parser/ruby.so
- OK Parser: runescript           ABI: 14, path: /nix/store/jh0qwyznlv2am09ryxs1ljr2byhmp4i9-vimplugin-treesitter-grammar-ALL-INCLUDED/parser/runescript.so
- OK Parser: rust                 ABI: 14, path: /nix/store/jh0qwyznlv2am09ryxs1ljr2byhmp4i9-vimplugin-treesitter-grammar-ALL-INCLUDED/parser/rust.so
- OK Parser: scala                ABI: 14, path: /nix/store/jh0qwyznlv2am09ryxs1ljr2byhmp4i9-vimplugin-treesitter-grammar-ALL-INCLUDED/parser/scala.so
- OK Parser: scfg                 ABI: 14, path: /nix/store/jh0qwyznlv2am09ryxs1ljr2byhmp4i9-vimplugin-treesitter-grammar-ALL-INCLUDED/parser/scfg.so
- OK Parser: scheme               ABI: 14, path: /nix/store/jh0qwyznlv2am09ryxs1ljr2byhmp4i9-vimplugin-treesitter-grammar-ALL-INCLUDED/parser/scheme.so
- OK Parser: scss                 ABI: 13, path: /nix/store/jh0qwyznlv2am09ryxs1ljr2byhmp4i9-vimplugin-treesitter-grammar-ALL-INCLUDED/parser/scss.so
- OK Parser: sflog                ABI: 14, path: /nix/store/jh0qwyznlv2am09ryxs1ljr2byhmp4i9-vimplugin-treesitter-grammar-ALL-INCLUDED/parser/sflog.so
- OK Parser: slang                ABI: 14, path: /nix/store/jh0qwyznlv2am09ryxs1ljr2byhmp4i9-vimplugin-treesitter-grammar-ALL-INCLUDED/parser/slang.so
- OK Parser: slim                 ABI: 14, path: /nix/store/jh0qwyznlv2am09ryxs1ljr2byhmp4i9-vimplugin-treesitter-grammar-ALL-INCLUDED/parser/slim.so
- OK Parser: slint                ABI: 14, path: /nix/store/jh0qwyznlv2am09ryxs1ljr2byhmp4i9-vimplugin-treesitter-grammar-ALL-INCLUDED/parser/slint.so
- OK Parser: smali                ABI: 14, path: /nix/store/jh0qwyznlv2am09ryxs1ljr2byhmp4i9-vimplugin-treesitter-grammar-ALL-INCLUDED/parser/smali.so
- OK Parser: smithy               ABI: 14, path: /nix/store/jh0qwyznlv2am09ryxs1ljr2byhmp4i9-vimplugin-treesitter-grammar-ALL-INCLUDED/parser/smithy.so
- OK Parser: snakemake            ABI: 14, path: /nix/store/jh0qwyznlv2am09ryxs1ljr2byhmp4i9-vimplugin-treesitter-grammar-ALL-INCLUDED/parser/snakemake.so
- OK Parser: solidity             ABI: 14, path: /nix/store/jh0qwyznlv2am09ryxs1ljr2byhmp4i9-vimplugin-treesitter-grammar-ALL-INCLUDED/parser/solidity.so
- OK Parser: soql                 ABI: 14, path: /nix/store/jh0qwyznlv2am09ryxs1ljr2byhmp4i9-vimplugin-treesitter-grammar-ALL-INCLUDED/parser/soql.so
- OK Parser: sosl                 ABI: 14, path: /nix/store/jh0qwyznlv2am09ryxs1ljr2byhmp4i9-vimplugin-treesitter-grammar-ALL-INCLUDED/parser/sosl.so
- OK Parser: sourcepawn           ABI: 14, path: /nix/store/jh0qwyznlv2am09ryxs1ljr2byhmp4i9-vimplugin-treesitter-grammar-ALL-INCLUDED/parser/sourcepawn.so
- OK Parser: sparql               ABI: 13, path: /nix/store/jh0qwyznlv2am09ryxs1ljr2byhmp4i9-vimplugin-treesitter-grammar-ALL-INCLUDED/parser/sparql.so
- OK Parser: sql                  ABI: 14, path: /nix/store/jh0qwyznlv2am09ryxs1ljr2byhmp4i9-vimplugin-treesitter-grammar-ALL-INCLUDED/parser/sql.so
- OK Parser: squirrel             ABI: 14, path: /nix/store/jh0qwyznlv2am09ryxs1ljr2byhmp4i9-vimplugin-treesitter-grammar-ALL-INCLUDED/parser/squirrel.so
- OK Parser: ssh_config           ABI: 14, path: /nix/store/jh0qwyznlv2am09ryxs1ljr2byhmp4i9-vimplugin-treesitter-grammar-ALL-INCLUDED/parser/ssh_config.so
- OK Parser: starlark             ABI: 14, path: /nix/store/jh0qwyznlv2am09ryxs1ljr2byhmp4i9-vimplugin-treesitter-grammar-ALL-INCLUDED/parser/starlark.so
- OK Parser: strace               ABI: 14, path: /nix/store/jh0qwyznlv2am09ryxs1ljr2byhmp4i9-vimplugin-treesitter-grammar-ALL-INCLUDED/parser/strace.so
- OK Parser: styled               ABI: 14, path: /nix/store/jh0qwyznlv2am09ryxs1ljr2byhmp4i9-vimplugin-treesitter-grammar-ALL-INCLUDED/parser/styled.so
- OK Parser: supercollider        ABI: 14, path: /nix/store/jh0qwyznlv2am09ryxs1ljr2byhmp4i9-vimplugin-treesitter-grammar-ALL-INCLUDED/parser/supercollider.so
- OK Parser: superhtml            ABI: 14, path: /nix/store/jh0qwyznlv2am09ryxs1ljr2byhmp4i9-vimplugin-treesitter-grammar-ALL-INCLUDED/parser/superhtml.so
- OK Parser: surface              ABI: 13, path: /nix/store/jh0qwyznlv2am09ryxs1ljr2byhmp4i9-vimplugin-treesitter-grammar-ALL-INCLUDED/parser/surface.so
- OK Parser: svelte               ABI: 14, path: /nix/store/jh0qwyznlv2am09ryxs1ljr2byhmp4i9-vimplugin-treesitter-grammar-ALL-INCLUDED/parser/svelte.so
- OK Parser: sway                 ABI: 14, path: /nix/store/jh0qwyznlv2am09ryxs1ljr2byhmp4i9-vimplugin-treesitter-grammar-ALL-INCLUDED/parser/sway.so
- OK Parser: swift                ABI: 14, path: /nix/store/jh0qwyznlv2am09ryxs1ljr2byhmp4i9-vimplugin-treesitter-grammar-ALL-INCLUDED/parser/swift.so
- OK Parser: sxhkdrc              ABI: 13, path: /nix/store/jh0qwyznlv2am09ryxs1ljr2byhmp4i9-vimplugin-treesitter-grammar-ALL-INCLUDED/parser/sxhkdrc.so
- OK Parser: systemtap            ABI: 14, path: /nix/store/jh0qwyznlv2am09ryxs1ljr2byhmp4i9-vimplugin-treesitter-grammar-ALL-INCLUDED/parser/systemtap.so
- OK Parser: t32                  ABI: 14, path: /nix/store/jh0qwyznlv2am09ryxs1ljr2byhmp4i9-vimplugin-treesitter-grammar-ALL-INCLUDED/parser/t32.so
- OK Parser: tablegen             ABI: 14, path: /nix/store/jh0qwyznlv2am09ryxs1ljr2byhmp4i9-vimplugin-treesitter-grammar-ALL-INCLUDED/parser/tablegen.so
- OK Parser: tact                 ABI: 14, path: /nix/store/jh0qwyznlv2am09ryxs1ljr2byhmp4i9-vimplugin-treesitter-grammar-ALL-INCLUDED/parser/tact.so
- OK Parser: tcl                  ABI: 14, path: /nix/store/jh0qwyznlv2am09ryxs1ljr2byhmp4i9-vimplugin-treesitter-grammar-ALL-INCLUDED/parser/tcl.so
- OK Parser: teal                 ABI: 14, path: /nix/store/jh0qwyznlv2am09ryxs1ljr2byhmp4i9-vimplugin-treesitter-grammar-ALL-INCLUDED/parser/teal.so
- OK Parser: templ                ABI: 14, path: /nix/store/jh0qwyznlv2am09ryxs1ljr2byhmp4i9-vimplugin-treesitter-grammar-ALL-INCLUDED/parser/templ.so
- OK Parser: terraform            ABI: 14, path: /nix/store/jh0qwyznlv2am09ryxs1ljr2byhmp4i9-vimplugin-treesitter-grammar-ALL-INCLUDED/parser/terraform.so
- OK Parser: textproto            ABI: 14, path: /nix/store/jh0qwyznlv2am09ryxs1ljr2byhmp4i9-vimplugin-treesitter-grammar-ALL-INCLUDED/parser/textproto.so
- OK Parser: thrift               ABI: 14, path: /nix/store/jh0qwyznlv2am09ryxs1ljr2byhmp4i9-vimplugin-treesitter-grammar-ALL-INCLUDED/parser/thrift.so
- OK Parser: tiger                ABI: 14, path: /nix/store/jh0qwyznlv2am09ryxs1ljr2byhmp4i9-vimplugin-treesitter-grammar-ALL-INCLUDED/parser/tiger.so
- OK Parser: tlaplus              ABI: 14, path: /nix/store/jh0qwyznlv2am09ryxs1ljr2byhmp4i9-vimplugin-treesitter-grammar-ALL-INCLUDED/parser/tlaplus.so
- OK Parser: tmux                 ABI: 14, path: /nix/store/jh0qwyznlv2am09ryxs1ljr2byhmp4i9-vimplugin-treesitter-grammar-ALL-INCLUDED/parser/tmux.so
- OK Parser: todotxt              ABI: 13, path: /nix/store/jh0qwyznlv2am09ryxs1ljr2byhmp4i9-vimplugin-treesitter-grammar-ALL-INCLUDED/parser/todotxt.so
- OK Parser: toml                 ABI: 14, path: /nix/store/jh0qwyznlv2am09ryxs1ljr2byhmp4i9-vimplugin-treesitter-grammar-ALL-INCLUDED/parser/toml.so
- OK Parser: tsv                  ABI: 14, path: /nix/store/jh0qwyznlv2am09ryxs1ljr2byhmp4i9-vimplugin-treesitter-grammar-ALL-INCLUDED/parser/tsv.so
- OK Parser: tsx                  ABI: 14, path: /nix/store/jh0qwyznlv2am09ryxs1ljr2byhmp4i9-vimplugin-treesitter-grammar-ALL-INCLUDED/parser/tsx.so
- OK Parser: turtle               ABI: 14, path: /nix/store/jh0qwyznlv2am09ryxs1ljr2byhmp4i9-vimplugin-treesitter-grammar-ALL-INCLUDED/parser/turtle.so
- OK Parser: twig                 ABI: 14, path: /nix/store/jh0qwyznlv2am09ryxs1ljr2byhmp4i9-vimplugin-treesitter-grammar-ALL-INCLUDED/parser/twig.so
- OK Parser: typescript           ABI: 14, path: /nix/store/jh0qwyznlv2am09ryxs1ljr2byhmp4i9-vimplugin-treesitter-grammar-ALL-INCLUDED/parser/typescript.so
- OK Parser: typespec             ABI: 14, path: /nix/store/jh0qwyznlv2am09ryxs1ljr2byhmp4i9-vimplugin-treesitter-grammar-ALL-INCLUDED/parser/typespec.so
- OK Parser: typoscript           ABI: 14, path: /nix/store/jh0qwyznlv2am09ryxs1ljr2byhmp4i9-vimplugin-treesitter-grammar-ALL-INCLUDED/parser/typoscript.so
- OK Parser: typst                ABI: 14, path: /nix/store/jh0qwyznlv2am09ryxs1ljr2byhmp4i9-vimplugin-treesitter-grammar-ALL-INCLUDED/parser/typst.so
- OK Parser: udev                 ABI: 14, path: /nix/store/jh0qwyznlv2am09ryxs1ljr2byhmp4i9-vimplugin-treesitter-grammar-ALL-INCLUDED/parser/udev.so
- OK Parser: ungrammar            ABI: 14, path: /nix/store/jh0qwyznlv2am09ryxs1ljr2byhmp4i9-vimplugin-treesitter-grammar-ALL-INCLUDED/parser/ungrammar.so
- OK Parser: unison               ABI: 14, path: /nix/store/jh0qwyznlv2am09ryxs1ljr2byhmp4i9-vimplugin-treesitter-grammar-ALL-INCLUDED/parser/unison.so
- OK Parser: usd                  ABI: 14, path: /nix/store/jh0qwyznlv2am09ryxs1ljr2byhmp4i9-vimplugin-treesitter-grammar-ALL-INCLUDED/parser/usd.so
- OK Parser: uxntal               ABI: 14, path: /nix/store/jh0qwyznlv2am09ryxs1ljr2byhmp4i9-vimplugin-treesitter-grammar-ALL-INCLUDED/parser/uxntal.so
- OK Parser: v                    ABI: 14, path: /nix/store/jh0qwyznlv2am09ryxs1ljr2byhmp4i9-vimplugin-treesitter-grammar-ALL-INCLUDED/parser/v.so
- OK Parser: vala                 ABI: 13, path: /nix/store/jh0qwyznlv2am09ryxs1ljr2byhmp4i9-vimplugin-treesitter-grammar-ALL-INCLUDED/parser/vala.so
- OK Parser: vento                ABI: 14, path: /nix/store/jh0qwyznlv2am09ryxs1ljr2byhmp4i9-vimplugin-treesitter-grammar-ALL-INCLUDED/parser/vento.so
- OK Parser: verilog              ABI: 14, path: /nix/store/jh0qwyznlv2am09ryxs1ljr2byhmp4i9-vimplugin-treesitter-grammar-ALL-INCLUDED/parser/verilog.so
- OK Parser: vhdl                 ABI: 14, path: /nix/store/jh0qwyznlv2am09ryxs1ljr2byhmp4i9-vimplugin-treesitter-grammar-ALL-INCLUDED/parser/vhdl.so
- OK Parser: vhs                  ABI: 14, path: /nix/store/jh0qwyznlv2am09ryxs1ljr2byhmp4i9-vimplugin-treesitter-grammar-ALL-INCLUDED/parser/vhs.so
- OK Parser: vim                  ABI: 14, path: /nix/store/jh0qwyznlv2am09ryxs1ljr2byhmp4i9-vimplugin-treesitter-grammar-ALL-INCLUDED/parser/vim.so
- OK Parser: vimdoc               ABI: 14, path: /nix/store/jh0qwyznlv2am09ryxs1ljr2byhmp4i9-vimplugin-treesitter-grammar-ALL-INCLUDED/parser/vimdoc.so
- OK Parser: vrl                  ABI: 14, path: /nix/store/jh0qwyznlv2am09ryxs1ljr2byhmp4i9-vimplugin-treesitter-grammar-ALL-INCLUDED/parser/vrl.so
- OK Parser: vue                  ABI: 14, path: /nix/store/jh0qwyznlv2am09ryxs1ljr2byhmp4i9-vimplugin-treesitter-grammar-ALL-INCLUDED/parser/vue.so
- OK Parser: wgsl                 ABI: 13, path: /nix/store/jh0qwyznlv2am09ryxs1ljr2byhmp4i9-vimplugin-treesitter-grammar-ALL-INCLUDED/parser/wgsl.so
- OK Parser: wgsl_bevy            ABI: 14, path: /nix/store/jh0qwyznlv2am09ryxs1ljr2byhmp4i9-vimplugin-treesitter-grammar-ALL-INCLUDED/parser/wgsl_bevy.so
- OK Parser: wing                 ABI: 14, path: /nix/store/jh0qwyznlv2am09ryxs1ljr2byhmp4i9-vimplugin-treesitter-grammar-ALL-INCLUDED/parser/wing.so
- OK Parser: wit                  ABI: 14, path: /nix/store/jh0qwyznlv2am09ryxs1ljr2byhmp4i9-vimplugin-treesitter-grammar-ALL-INCLUDED/parser/wit.so
- OK Parser: xcompose             ABI: 14, path: /nix/store/jh0qwyznlv2am09ryxs1ljr2byhmp4i9-vimplugin-treesitter-grammar-ALL-INCLUDED/parser/xcompose.so
- OK Parser: xml                  ABI: 14, path: /nix/store/jh0qwyznlv2am09ryxs1ljr2byhmp4i9-vimplugin-treesitter-grammar-ALL-INCLUDED/parser/xml.so
- OK Parser: xresources           ABI: 14, path: /nix/store/jh0qwyznlv2am09ryxs1ljr2byhmp4i9-vimplugin-treesitter-grammar-ALL-INCLUDED/parser/xresources.so
- OK Parser: yaml                 ABI: 14, path: /nix/store/jh0qwyznlv2am09ryxs1ljr2byhmp4i9-vimplugin-treesitter-grammar-ALL-INCLUDED/parser/yaml.so
- OK Parser: yang                 ABI: 13, path: /nix/store/jh0qwyznlv2am09ryxs1ljr2byhmp4i9-vimplugin-treesitter-grammar-ALL-INCLUDED/parser/yang.so
- OK Parser: yuck                 ABI: 14, path: /nix/store/jh0qwyznlv2am09ryxs1ljr2byhmp4i9-vimplugin-treesitter-grammar-ALL-INCLUDED/parser/yuck.so
- OK Parser: zathurarc            ABI: 14, path: /nix/store/jh0qwyznlv2am09ryxs1ljr2byhmp4i9-vimplugin-treesitter-grammar-ALL-INCLUDED/parser/zathurarc.so
- OK Parser: zig                  ABI: 14, path: /nix/store/jh0qwyznlv2am09ryxs1ljr2byhmp4i9-vimplugin-treesitter-grammar-ALL-INCLUDED/parser/zig.so
- OK Parser: ziggy                ABI: 14, path: /nix/store/jh0qwyznlv2am09ryxs1ljr2byhmp4i9-vimplugin-treesitter-grammar-ALL-INCLUDED/parser/ziggy.so
- OK Parser: ziggy_schema         ABI: 13, path: /nix/store/jh0qwyznlv2am09ryxs1ljr2byhmp4i9-vimplugin-treesitter-grammar-ALL-INCLUDED/parser/ziggy_schema.so
- OK Parser: c                    ABI: 14, path: /nix/store/1xnhh71gp9fg1jggp49av18gf98kqvaq-neovim-unwrapped-0.10.4/lib/nvim/parser/c.so
- OK Parser: lua                  ABI: 14, path: /nix/store/1xnhh71gp9fg1jggp49av18gf98kqvaq-neovim-unwrapped-0.10.4/lib/nvim/parser/lua.so
- OK Parser: markdown             ABI: 14, path: /nix/store/1xnhh71gp9fg1jggp49av18gf98kqvaq-neovim-unwrapped-0.10.4/lib/nvim/parser/markdown.so
- OK Parser: markdown_inline      ABI: 14, path: /nix/store/1xnhh71gp9fg1jggp49av18gf98kqvaq-neovim-unwrapped-0.10.4/lib/nvim/parser/markdown_inline.so
- OK Parser: query                ABI: 14, path: /nix/store/1xnhh71gp9fg1jggp49av18gf98kqvaq-neovim-unwrapped-0.10.4/lib/nvim/parser/query.so
- OK Parser: vim                  ABI: 14, path: /nix/store/1xnhh71gp9fg1jggp49av18gf98kqvaq-neovim-unwrapped-0.10.4/lib/nvim/parser/vim.so
- OK Parser: vimdoc               ABI: 14, path: /nix/store/1xnhh71gp9fg1jggp49av18gf98kqvaq-neovim-unwrapped-0.10.4/lib/nvim/parser/vimdoc.so

