[08:14:23] [critical] Please run with root privilege.
[08:15:30] [debug] Executing configure command.
[08:15:30] [info] Stand in front of and close to the camera and make sure the room is well lit.
[08:15:30] [info] Ensure to not use the camera during the execution.
[08:15:30] [debug] Checking if /dev/video0 is a grayscale camera.
[08:15:31] [debug] Checking if /dev/video1 is a grayscale camera.
[08:15:31] [debug] Checking if /dev/video2 is a grayscale camera.
[08:15:33] [debug] /dev/video2 is a grayscale camera.
[08:15:33] [info] Configuring the camera /dev/video2.
[08:15:33] [debug] yaml error: bad file: etc/linux-enable-ir-emitter/pci-0000:00:14.0-usb-0:4:1.2-video-index0.ini.
[08:15:33] [debug] No previous configuration found.
[08:15:33] [debug] Configuration for /dev/video2 saved here: etc/linux-enable-ir-emitter/pci-0000:00:14.0-usb-0:4:1.2-video-index0.ini.
[08:15:37] [debug] Instruction applied: unit: 13, selector: 14, control: 1 0.
[08:15:38] [debug] The instruction does not enable the emitter.
[08:15:38] [debug] Instruction applied: unit: 13, selector: 14, control: 2 0.
[08:15:39] [debug] The instruction does not enable the emitter.
[08:15:39] [debug] Instruction applied: unit: 13, selector: 14, control: 0 1.
[08:15:40] [debug] The instruction does not enable the emitter.
[08:15:40] [debug] Instruction applied: unit: 13, selector: 14, control: 1 1.
[08:15:41] [debug] The instruction does not enable the emitter.
[08:15:41] [debug] Instruction applied: unit: 13, selector: 14, control: 2 1.
[08:15:42] [debug] The instruction does not enable the emitter.
[08:15:42] [debug] Instruction applied: unit: 13, selector: 14, control: 0 2.
[08:15:43] [debug] The instruction does not enable the emitter.
[08:15:43] [debug] Instruction applied: unit: 13, selector: 14, control: 1 2.
[08:15:45] [debug] The instruction does not enable the emitter.
[08:15:45] [debug] Instruction applied: unit: 13, selector: 14, control: 2 2.
[08:15:46] [debug] The instruction does not enable the emitter.
[08:15:46] [debug] Instruction applied: unit: 13, selector: 14, control: 0 3.
[08:15:47] [debug] The instruction does not enable the emitter.
[08:15:47] [debug] Instruction applied: unit: 13, selector: 14, control: 2 100.
[08:15:48] [debug] The instruction does not enable the emitter.
[08:15:48] [debug] Reseting to the instruction: unit: 13, selector: 14, control: 0 0.
[08:15:48] [debug] Instruction applied: unit: 14, selector: 2, control: 1 0 0 0 0 0 0 16 39 0 0 0 0 0 0.
[08:15:49] [debug] The instruction does not enable the emitter.
[08:15:49] [debug] Instruction applied: unit: 14, selector: 2, control: 2 0 0 0 0 0 0 16 39 0 0 0 0 0 0.
[08:15:50] [debug] The instruction does not enable the emitter.
[08:15:50] [debug] Instruction applied: unit: 14, selector: 2, control: 3 0 0 0 0 0 0 16 39 0 0 0 0 0 0.
[08:15:51] [debug] The instruction does not enable the emitter.
[08:15:51] [debug] Instruction applied: unit: 14, selector: 2, control: 4 0 0 0 0 0 0 16 39 0 0 0 0 0 0.
[08:15:52] [debug] The instruction does not enable the emitter.
[08:15:52] [debug] Instruction applied: unit: 14, selector: 2, control: 5 0 0 0 0 0 0 16 39 0 0 0 0 0 0.
[08:15:54] [debug] The instruction does not enable the emitter.
[08:15:54] [debug] Instruction applied: unit: 14, selector: 2, control: 6 0 0 0 0 0 0 16 39 0 0 0 0 0 0.
[08:15:55] [debug] The instruction does not enable the emitter.
[08:15:55] [debug] Instruction applied: unit: 14, selector: 2, control: 7 0 0 0 0 0 0 16 39 0 0 0 0 0 0.
[08:15:56] [debug] The instruction does not enable the emitter.
[08:15:56] [debug] Instruction applied: unit: 14, selector: 2, control: 0 0 0 0 0 0 0 17 39 0 0 0 0 0 0.
[08:15:57] [debug] The instruction does not enable the emitter.
[08:15:57] [debug] Instruction applied: unit: 14, selector: 2, control: 1 0 0 0 0 0 0 17 39 0 0 0 0 0 0.
[08:15:58] [debug] The instruction does not enable the emitter.
[08:15:58] [debug] Instruction applied: unit: 14, selector: 2, control: 7 0 0 0 0 0 0 200 20 5 0 0 0 0 0.
[08:15:59] [debug] The instruction does not enable the emitter.
[08:15:59] [debug] Reseting to the instruction: unit: 14, selector: 2, control: 1 0 0 0 0 0 0 17 39 0 0 0 0 0 0.
[08:15:59] [debug] Instruction applied: unit: 14, selector: 3, control: 16 0 0 0 0 0 0 1 0 0 0.
[08:16:00] [debug] The instruction does not enable the emitter.
[08:16:00] [debug] Instruction applied: unit: 14, selector: 3, control: 16 0 0 0 0 0 0 2 0 0 0.
[08:16:02] [debug] The instruction does not enable the emitter.
[08:16:02] [debug] Instruction applied: unit: 14, selector: 3, control: 16 0 0 0 0 0 0 3 0 0 0.
[08:16:03] [debug] The instruction does not enable the emitter.
[08:16:03] [debug] Instruction applied: unit: 14, selector: 3, control: 16 0 0 0 0 0 0 4 0 0 0.
[08:16:04] [debug] The instruction does not enable the emitter.
[08:16:04] [debug] Instruction applied: unit: 14, selector: 3, control: 16 0 0 0 0 0 0 5 0 0 0.
[08:16:05] [debug] The instruction does not enable the emitter.
[08:16:05] [debug] Instruction applied: unit: 14, selector: 3, control: 16 0 0 0 0 0 0 6 0 0 0.
[08:16:06] [debug] The instruction does not enable the emitter.
[08:16:06] [debug] Instruction applied: unit: 14, selector: 3, control: 16 0 0 0 0 0 0 7 0 0 0.
[08:16:07] [debug] The instruction does not enable the emitter.
[08:16:07] [debug] Instruction applied: unit: 14, selector: 3, control: 16 0 0 0 0 0 0 8 0 0 0.
[08:16:08] [debug] The instruction does not enable the emitter.
[08:16:08] [debug] Instruction applied: unit: 14, selector: 3, control: 16 0 0 0 0 0 0 9 0 0 0.
[08:16:10] [debug] The instruction does not enable the emitter.
[08:16:10] [debug] Instruction applied: unit: 14, selector: 3, control: 16 0 0 0 0 0 0 232 3 0 0.
[08:16:11] [debug] The instruction does not enable the emitter.
[08:16:11] [debug] Reseting to the instruction: unit: 14, selector: 3, control: 16 0 0 0 0 0 0 0 0 0 0.
[08:16:11] [debug] Instruction applied: unit: 14, selector: 6, control: 1 3 2 0 0 0 0 0 0.
[08:16:12] [debug] The instruction does not enable the emitter.
[08:16:12] [debug] Instruction applied: unit: 14, selector: 6, control: 1 3 3 0 0 0 0 0 0.
[08:16:13] [debug] The instruction does not enable the emitter.
[08:16:13] [debug] Reseting to the instruction: unit: 14, selector: 6, control: 1 3 1 0 0 0 0 0 0.
[08:16:13] [debug] Instruction applied: unit: 14, selector: 9, control: 1 0 0 0.
[08:16:14] [debug] The instruction does not enable the emitter.
[08:16:14] [debug] Reseting to the instruction: unit: 14, selector: 9, control: 1 0 0 0.
[08:16:14] [error] The configuration failed.
[08:16:14] [info] Please retry in manual mode by adding the '-m' option.
[08:16:14] [info] Do not hesitate to visit the GitHub!
[08:16:14] [info] https://github.com/EmixamPP/linux-enable-ir-emitter/blob/master/docs/README.md
[08:16:22] [debug] Executing configure command.
[08:16:22] [info] Stand in front of and close to the camera and make sure the room is well lit.
[08:16:22] [info] Ensure to not use the camera during the execution.
[08:16:22] [debug] Checking if /dev/video0 is a grayscale camera.
[08:16:22] [debug] Checking if /dev/video1 is a grayscale camera.
[08:16:22] [debug] Checking if /dev/video2 is a grayscale camera.
[08:16:23] [debug] /dev/video2 is a grayscale camera.
[08:16:23] [info] Configuring the camera /dev/video2.
[08:16:23] [debug] yaml error: bad file: etc/linux-enable-ir-emitter/pci-0000:00:14.0-usb-0:4:1.2-video-index0.ini.
[08:16:23] [debug] No previous configuration found.
[08:16:23] [debug] Configuration for /dev/video2 saved here: etc/linux-enable-ir-emitter/pci-0000:00:14.0-usb-0:4:1.2-video-index0.ini.
[08:16:27] [debug] Instruction applied: unit: 13, selector: 14, control: 1 0.
[08:16:29] [debug] The instruction does not enable the emitter.
[08:16:29] [debug] Instruction applied: unit: 13, selector: 14, control: 2 0.
[08:16:32] [debug] The instruction does not enable the emitter.
[08:16:32] [debug] Instruction applied: unit: 13, selector: 14, control: 0 1.
[08:16:34] [debug] The instruction does not enable the emitter.
[08:16:34] [debug] Instruction applied: unit: 13, selector: 14, control: 1 1.
[08:16:39] [debug] The instruction does not enable the emitter.
[08:16:39] [debug] Instruction applied: unit: 13, selector: 14, control: 2 1.
[08:16:41] [debug] The instruction does not enable the emitter.
[08:16:41] [debug] Instruction applied: unit: 13, selector: 14, control: 0 2.
[08:16:43] [debug] The instruction does not enable the emitter.
[08:16:43] [debug] Instruction applied: unit: 13, selector: 14, control: 1 2.
[08:16:45] [debug] The instruction does not enable the emitter.
[08:16:45] [debug] Instruction applied: unit: 13, selector: 14, control: 2 2.
[08:16:47] [debug] The instruction does not enable the emitter.
[08:16:47] [debug] Instruction applied: unit: 13, selector: 14, control: 0 3.
[08:16:49] [debug] The instruction does not enable the emitter.
[08:16:49] [debug] Instruction applied: unit: 13, selector: 14, control: 2 100.
[08:16:51] [debug] The instruction does not enable the emitter.
[08:16:51] [debug] Reseting to the instruction: unit: 13, selector: 14, control: 0 0.
[08:16:51] [debug] Instruction applied: unit: 14, selector: 2, control: 1 0 0 0 0 0 0 16 39 0 0 0 0 0 0.
[08:16:53] [debug] The instruction does not enable the emitter.
[08:16:53] [debug] Instruction applied: unit: 14, selector: 2, control: 2 0 0 0 0 0 0 16 39 0 0 0 0 0 0.
[08:16:54] [debug] The instruction does not enable the emitter.
[08:16:54] [debug] Instruction applied: unit: 14, selector: 2, control: 3 0 0 0 0 0 0 16 39 0 0 0 0 0 0.
[08:16:56] [debug] The instruction does not enable the emitter.
[08:16:56] [debug] Instruction applied: unit: 14, selector: 2, control: 4 0 0 0 0 0 0 16 39 0 0 0 0 0 0.
[08:16:57] [debug] The instruction does not enable the emitter.
[08:16:57] [debug] Instruction applied: unit: 14, selector: 2, control: 5 0 0 0 0 0 0 16 39 0 0 0 0 0 0.
[08:16:59] [debug] The instruction does not enable the emitter.
[08:16:59] [debug] Instruction applied: unit: 14, selector: 2, control: 6 0 0 0 0 0 0 16 39 0 0 0 0 0 0.
[08:17:00] [debug] The instruction does not enable the emitter.
[08:17:00] [debug] Instruction applied: unit: 14, selector: 2, control: 7 0 0 0 0 0 0 16 39 0 0 0 0 0 0.
[08:17:02] [debug] The instruction does not enable the emitter.
[08:17:02] [debug] Instruction applied: unit: 14, selector: 2, control: 0 0 0 0 0 0 0 17 39 0 0 0 0 0 0.
[08:17:03] [debug] The instruction does not enable the emitter.
[08:17:03] [debug] Instruction applied: unit: 14, selector: 2, control: 1 0 0 0 0 0 0 17 39 0 0 0 0 0 0.
[08:17:04] [debug] The instruction does not enable the emitter.
[08:17:04] [debug] Instruction applied: unit: 14, selector: 2, control: 7 0 0 0 0 0 0 200 20 5 0 0 0 0 0.
[08:17:06] [debug] The instruction does not enable the emitter.
[08:17:06] [debug] Reseting to the instruction: unit: 14, selector: 2, control: 1 0 0 0 0 0 0 17 39 0 0 0 0 0 0.
[08:17:06] [debug] Instruction applied: unit: 14, selector: 3, control: 16 0 0 0 0 0 0 1 0 0 0.
[08:17:08] [debug] The instruction does not enable the emitter.
[08:17:08] [debug] Instruction applied: unit: 14, selector: 3, control: 16 0 0 0 0 0 0 2 0 0 0.
[08:17:09] [debug] The instruction does not enable the emitter.
[08:17:09] [debug] Instruction applied: unit: 14, selector: 3, control: 16 0 0 0 0 0 0 3 0 0 0.
[08:17:11] [debug] The instruction does not enable the emitter.
[08:17:11] [debug] Instruction applied: unit: 14, selector: 3, control: 16 0 0 0 0 0 0 4 0 0 0.
[08:17:14] [debug] The instruction does not enable the emitter.
[08:17:14] [debug] Instruction applied: unit: 14, selector: 3, control: 16 0 0 0 0 0 0 5 0 0 0.
[08:17:15] [debug] The instruction does not enable the emitter.
[08:17:15] [debug] Instruction applied: unit: 14, selector: 3, control: 16 0 0 0 0 0 0 6 0 0 0.
[08:17:16] [debug] The instruction does not enable the emitter.
[08:17:16] [debug] Instruction applied: unit: 14, selector: 3, control: 16 0 0 0 0 0 0 7 0 0 0.
[08:17:18] [debug] The instruction does not enable the emitter.
[08:17:18] [debug] Instruction applied: unit: 14, selector: 3, control: 16 0 0 0 0 0 0 8 0 0 0.
[08:17:20] [debug] The instruction does not enable the emitter.
[08:17:20] [debug] Instruction applied: unit: 14, selector: 3, control: 16 0 0 0 0 0 0 9 0 0 0.
[08:17:21] [debug] The instruction does not enable the emitter.
[08:17:21] [debug] Instruction applied: unit: 14, selector: 3, control: 16 0 0 0 0 0 0 232 3 0 0.
[08:17:22] [debug] The instruction does not enable the emitter.
[08:17:22] [debug] Reseting to the instruction: unit: 14, selector: 3, control: 16 0 0 0 0 0 0 0 0 0 0.
[08:17:22] [debug] Instruction applied: unit: 14, selector: 6, control: 1 3 2 0 0 0 0 0 0.
[08:17:25] [debug] The instruction makes emitter flash.
[08:17:25] [debug] All emitters are configured.
[08:17:25] [debug] Configuration for /dev/video2 saved here: etc/linux-enable-ir-emitter/pci-0000:00:14.0-usb-0:4:1.2-video-index0.
[08:17:25] [info] The infrared camera has been successfully configured.
[12:03:45] [critical] Please run with root privilege.
[12:04:44] [critical] Please run with root privilege.
